[0.016s] Invoking command in '/root/ros2_ws/src/vissus_projekt/build/vissus_projekt': CMAKE_PREFIX_PATH=${CMAKE_PREFIX_PATH}:/root/ros2_ws/install/crazyflie_py:/opt/ros/humble /usr/bin/cmake --build /root/ros2_ws/src/vissus_projekt/build/vissus_projekt -- -j16 -l16
[0.103s] [35m[1mConsolidate compiler generated dependencies of target vissus_projekt__rosidl_generator_c[0m
[0.117s] [  1%] Built target vissus_projekt__cpp
[0.124s] [ 10%] Built target vissus_projekt__rosidl_generator_c
[0.131s] [ 10%] Built target ament_cmake_python_symlink_vissus_projekt
[0.141s] [35m[1mConsolidate compiler generated dependencies of target vissus_projekt__rosidl_typesupport_cpp[0m
[0.141s] [35m[1mConsolidate compiler generated dependencies of target vissus_projekt__rosidl_typesupport_introspection_cpp[0m
[0.141s] [35m[1mConsolidate compiler generated dependencies of target vissus_projekt__rosidl_typesupport_fastrtps_cpp[0m
[0.143s] [35m[1mConsolidate compiler generated dependencies of target vissus_projekt__rosidl_typesupport_introspection_c[0m
[0.146s] [35m[1mConsolidate compiler generated dependencies of target vissus_projekt__rosidl_typesupport_fastrtps_c[0m
[0.146s] [35m[1mConsolidate compiler generated dependencies of target vissus_projekt__rosidl_typesupport_c[0m
[0.167s] [ 33%] Built target vissus_projekt__rosidl_typesupport_introspection_c
[0.168s] [ 30%] Built target vissus_projekt__rosidl_typesupport_cpp
[0.168s] [ 37%] Built target vissus_projekt__rosidl_typesupport_c
[0.168s] [ 46%] Built target vissus_projekt__rosidl_typesupport_introspection_cpp
[0.170s] [ 55%] Built target vissus_projekt__rosidl_typesupport_fastrtps_cpp
[0.174s] [ 64%] Built target vissus_projekt__rosidl_typesupport_fastrtps_c
[0.208s] [ 64%] Built target vissus_projekt
[0.228s] [35m[1mConsolidate compiler generated dependencies of target data_splitter[0m
[0.228s] [35m[1mConsolidate compiler generated dependencies of target boid_control[0m
[0.229s] [35m[1mConsolidate compiler generated dependencies of target goal_pub[0m
[0.244s] [ 66%] Built target vissus_projekt__py
[0.264s] [35m[1mConsolidate compiler generated dependencies of target vissus_projekt__rosidl_generator_py[0m
[0.269s] [ 75%] [32mBuilding CXX object CMakeFiles/boid_control.dir/src/boid-control/boid_control_node.cpp.o[0m
[0.269s] [ 78%] Built target goal_pub
[0.270s] [ 78%] Built target data_splitter
[0.293s] [ 85%] Built target vissus_projekt__rosidl_generator_py
[0.313s] [35m[1mConsolidate compiler generated dependencies of target vissus_projekt__rosidl_typesupport_c__pyext[0m
[0.313s] [35m[1mConsolidate compiler generated dependencies of target vissus_projekt__rosidl_typesupport_fastrtps_c__pyext[0m
[0.313s] [35m[1mConsolidate compiler generated dependencies of target vissus_projekt__rosidl_typesupport_introspection_c__pyext[0m
[0.337s] [ 92%] Built target vissus_projekt__rosidl_typesupport_introspection_c__pyext
[0.337s] [ 92%] Built target vissus_projekt__rosidl_typesupport_fastrtps_c__pyext
[0.338s] [ 96%] Built target vissus_projekt__rosidl_typesupport_c__pyext
[0.562s] running egg_info
[0.563s] writing vissus_projekt.egg-info/PKG-INFO
[0.563s] writing dependency_links to vissus_projekt.egg-info/dependency_links.txt
[0.564s] writing top-level names to vissus_projekt.egg-info/top_level.txt
[0.569s] reading manifest file 'vissus_projekt.egg-info/SOURCES.txt'
[0.570s] writing manifest file 'vissus_projekt.egg-info/SOURCES.txt'
[0.612s] [ 96%] Built target ament_cmake_python_build_vissus_projekt_egg
[3.975s] [01m[K/root/ros2_ws/src/vissus_projekt/src/boid-control/boid_control_node.cpp:[m[K In constructor â€˜[01m[KBoid_Controller_Node::Boid_Controller_Node()[m[Kâ€™:
[3.975s] [01m[K/root/ros2_ws/src/vissus_projekt/src/boid-control/boid_control_node.cpp:59:9:[m[K [01;31m[Kerror: [m[Kexpected â€˜[01m[K,[m[Kâ€™ or â€˜[01m[K;[m[Kâ€™ before â€˜[01m[Kint[m[Kâ€™
[3.976s]    59 |         [01;31m[Kint[m[K num_boids_ = 4;
[3.976s]       |         [01;31m[K^~~[m[K
[3.982s] [01m[K/root/ros2_ws/src/vissus_projekt/src/boid-control/boid_control_node.cpp:60:26:[m[K [01;31m[Kerror: [m[Kâ€˜[01m[KGet_Adjacency_Matrix[m[Kâ€™ was not declared in this scope; did you mean â€˜[01m[KGet_Adjancency_Matrix[m[Kâ€™?
[3.982s]    60 |         adjacency_mat_ = [01;31m[KGet_Adjacency_Matrix[m[K(filepath, 4);
[3.982s]       |                          [01;31m[K^~~~~~~~~~~~~~~~~~~~[m[K
[3.982s]       |                          [32m[KGet_Adjancency_Matrix[m[K
[4.010s] [01m[K/root/ros2_ws/src/vissus_projekt/src/boid-control/boid_control_node.cpp:[m[K In member function â€˜[01m[Kvoid Boid_Controller_Node::Subscription_Boid_Info_Callback(vissus_projekt::msg::OdometryArray_<std::allocator<void> >::SharedPtr)[m[Kâ€™:
[4.010s] [01m[K/root/ros2_ws/src/vissus_projekt/src/boid-control/boid_control_node.cpp:232:15:[m[K [01;35m[Kwarning: [m[Kunused variable â€˜[01m[Kdelta_linear_x[m[Kâ€™ [[01;35m[K]8;;https://gcc.gnu.org/onlinedocs/gcc/Warning-Options.html#index-Wunused-variable-Wunused-variable]8;;[m[K]
[4.010s]   232 |         float [01;35m[Kdelta_linear_x[m[K = sqrt(accel_total.x*accel_total.x + accel_total.y*accel_total.y);
[4.010s]       |               [01;35m[K^~~~~~~~~~~~~~[m[K
[4.010s] [01m[K/root/ros2_ws/src/vissus_projekt/src/boid-control/boid_control_node.cpp:239:15:[m[K [01;35m[Kwarning: [m[Kunused variable â€˜[01m[Krelative_angle[m[Kâ€™ [[01;35m[K]8;;https://gcc.gnu.org/onlinedocs/gcc/Warning-Options.html#index-Wunused-variable-Wunused-variable]8;;[m[K]
[4.011s]   239 |         float [01;35m[Krelative_angle[m[K = normalize_angle(atan2(accel_total.y, accel_total.x) - yaw);
[4.011s]       |               [01;35m[K^~~~~~~~~~~~~~[m[K
[4.011s] [01m[K/root/ros2_ws/src/vissus_projekt/src/boid-control/boid_control_node.cpp:240:15:[m[K [01;35m[Kwarning: [m[Kunused variable â€˜[01m[Kdelta_angular_z[m[Kâ€™ [[01;35m[K]8;;https://gcc.gnu.org/onlinedocs/gcc/Warning-Options.html#index-Wunused-variable-Wunused-variable]8;;[m[K]
[4.011s]   240 |         float [01;35m[Kdelta_angular_z[m[K = p_controller_update(
[4.011s]       |               [01;35m[K^~~~~~~~~~~~~~~[m[K
[4.032s] [01m[K/root/ros2_ws/src/vissus_projekt/src/boid-control/boid_control_node.cpp:[m[K In member function â€˜[01m[Kvoid Boid_Controller_Node::Subscription_Formation_Callback(vissus_projekt::msg::Formation_<std::allocator<void> >::SharedPtr)[m[Kâ€™:
[4.032s] [01m[K/root/ros2_ws/src/vissus_projekt/src/boid-control/boid_control_node.cpp:522:5:[m[K [01;31m[Kerror: [m[Kâ€˜[01m[Kformation_points_[m[Kâ€™ was not declared in this scope
[4.032s]   522 |     [01;31m[Kformation_points_[m[K = points->formation_points;
[4.032s]       |     [01;31m[K^~~~~~~~~~~~~~~~~[m[K
[4.032s] [01m[K/root/ros2_ws/src/vissus_projekt/src/boid-control/boid_control_node.cpp:[m[K In member function â€˜[01m[KVector2 Boid_Controller_Node::Calculate_Vel_Centroid_Consensus(std::vector<nav_msgs::msg::Odometry_<std::allocator<void> >, std::allocator<nav_msgs::msg::Odometry_<std::allocator<void> > > >)[m[Kâ€™:
[4.032s] [01m[K/root/ros2_ws/src/vissus_projekt/src/boid-control/boid_control_node.cpp:580:23:[m[K [01;35m[Kwarning: [m[Kcomparison of integer expressions of different signedness: â€˜[01m[Kint[m[Kâ€™ and â€˜[01m[Kstd::vector<nav_msgs::msg::Odometry_<std::allocator<void> >, std::allocator<nav_msgs::msg::Odometry_<std::allocator<void> > > >::size_type[m[Kâ€™ {aka â€˜[01m[Klong unsigned int[m[Kâ€™} [[01;35m[K]8;;https://gcc.gnu.org/onlinedocs/gcc/Warning-Options.html#index-Wsign-compare-Wsign-compare]8;;[m[K]
[4.033s]   580 |     for (int i = 0; [01;35m[Ki < odoms.size()[m[K; i++) {
[4.033s]       |                     [01;35m[K~~^~~~~~~~~~~~~~[m[K
[4.035s] [01m[K/root/ros2_ws/src/vissus_projekt/src/boid-control/boid_control_node.cpp:[m[K In member function â€˜[01m[KVector2 Boid_Controller_Node::Calculate_Vel_Centroid_Consensus(std::vector<nav_msgs::msg::Odometry_<std::allocator<void> >, std::allocator<nav_msgs::msg::Odometry_<std::allocator<void> > > >, std::vector<Vector2>)[m[Kâ€™:
[4.035s] [01m[K/root/ros2_ws/src/vissus_projekt/src/boid-control/boid_control_node.cpp:601:23:[m[K [01;35m[Kwarning: [m[Kcomparison of integer expressions of different signedness: â€˜[01m[Kint[m[Kâ€™ and â€˜[01m[Kstd::vector<nav_msgs::msg::Odometry_<std::allocator<void> >, std::allocator<nav_msgs::msg::Odometry_<std::allocator<void> > > >::size_type[m[Kâ€™ {aka â€˜[01m[Klong unsigned int[m[Kâ€™} [[01;35m[K]8;;https://gcc.gnu.org/onlinedocs/gcc/Warning-Options.html#index-Wsign-compare-Wsign-compare]8;;[m[K]
[4.036s]   601 |     for (int i = 0; [01;35m[Ki < odoms.size()[m[K; i++) {
[4.036s]       |                     [01;35m[K~~^~~~~~~~~~~~~~[m[K
[4.037s] [01m[K/root/ros2_ws/src/vissus_projekt/src/boid-control/boid_control_node.cpp:[m[K In function â€˜[01m[KBool_mat Get_Adjancency_Matrix(std::string, int)[m[Kâ€™:
[4.037s] [01m[K/root/ros2_ws/src/vissus_projekt/src/boid-control/boid_control_node.cpp:628:30:[m[K [01;35m[Kwarning: [m[Kcomparison of integer expressions of different signedness: â€˜[01m[Ksize_t[m[Kâ€™ {aka â€˜[01m[Klong unsigned int[m[Kâ€™} and â€˜[01m[Kint[m[Kâ€™ [[01;35m[K]8;;https://gcc.gnu.org/onlinedocs/gcc/Warning-Options.html#index-Wsign-compare-Wsign-compare]8;;[m[K]
[4.038s]   628 |         for (size_t y = 0; [01;35m[Ky < num_boids[m[K; y++)
[4.038s]       |                            [01;35m[K~~^~~~~~~~~~~[m[K
[4.038s] [01m[K/root/ros2_ws/src/vissus_projekt/src/boid-control/boid_control_node.cpp:629:34:[m[K [01;35m[Kwarning: [m[Kcomparison of integer expressions of different signedness: â€˜[01m[Ksize_t[m[Kâ€™ {aka â€˜[01m[Klong unsigned int[m[Kâ€™} and â€˜[01m[Kint[m[Kâ€™ [[01;35m[K]8;;https://gcc.gnu.org/onlinedocs/gcc/Warning-Options.html#index-Wsign-compare-Wsign-compare]8;;[m[K]
[4.038s]   629 |             for (size_t x = 0; [01;35m[Kx < num_boids[m[K; x++)
[4.038s]       |                                [01;35m[K~~^~~~~~~~~~~[m[K
[11.299s] gmake[2]: *** [CMakeFiles/boid_control.dir/build.make:90: CMakeFiles/boid_control.dir/src/boid-control/boid_control_node.cpp.o] Error 1
[11.299s] gmake[1]: *** [CMakeFiles/Makefile2:598: CMakeFiles/boid_control.dir/all] Error 2
[11.299s] gmake: *** [Makefile:146: all] Error 2
[11.303s] Invoked command in '/root/ros2_ws/src/vissus_projekt/build/vissus_projekt' returned '2': CMAKE_PREFIX_PATH=${CMAKE_PREFIX_PATH}:/root/ros2_ws/install/crazyflie_py:/opt/ros/humble /usr/bin/cmake --build /root/ros2_ws/src/vissus_projekt/build/vissus_projekt -- -j16 -l16
