-- Found ament_cmake: 1.3.12 (/opt/ros/humble/share/ament_cmake/cmake)
-- Override CMake install command with custom implementation using symlinks instead of copying resources
-- Found rclcpp: 16.0.16 (/opt/ros/humble/share/rclcpp/cmake)
-- Found rosidl_generator_c: 3.1.7 (/opt/ros/humble/share/rosidl_generator_c/cmake)
-- Found rosidl_adapter: 3.1.7 (/opt/ros/humble/share/rosidl_adapter/cmake)
-- Found rosidl_generator_cpp: 3.1.7 (/opt/ros/humble/share/rosidl_generator_cpp/cmake)
-- Using all available rosidl_typesupport_c: rosidl_typesupport_fastrtps_c;rosidl_typesupport_introspection_c
-- Using all available rosidl_typesupport_cpp: rosidl_typesupport_fastrtps_cpp;rosidl_typesupport_introspection_cpp
-- Found rmw_implementation_cmake: 6.1.2 (/opt/ros/humble/share/rmw_implementation_cmake/cmake)
-- Found rmw_fastrtps_cpp: 6.2.9 (/opt/ros/humble/share/rmw_fastrtps_cpp/cmake)
-- Using RMW implementation 'rmw_fastrtps_cpp' as default
-- Found rclpy: 3.3.19 (/opt/ros/humble/share/rclpy/cmake)
-- Found nav_msgs: 4.9.0 (/opt/ros/humble/share/nav_msgs/cmake)
-- Found rosidl_default_generators: 1.2.0 (/opt/ros/humble/share/rosidl_default_generators/cmake)
-- Found message_filters: 4.3.11 (/opt/ros/humble/share/message_filters/cmake)
-- Found crazyflie_interfaces: 1.0.3 (/root/ros2_ws/install/crazyflie_interfaces/share/crazyflie_interfaces/cmake)
-- Found ament_lint_auto: 0.12.14 (/opt/ros/humble/share/ament_lint_auto/cmake)
-- Found ament_cmake_ros: 0.10.0 (/opt/ros/humble/share/ament_cmake_ros/cmake)
-- Using all available rosidl_typesupport_c: rosidl_typesupport_fastrtps_c;rosidl_typesupport_introspection_c
-- Using all available rosidl_typesupport_cpp: rosidl_typesupport_fastrtps_cpp;rosidl_typesupport_introspection_cpp
-- Found python_cmake_module: 0.10.0 (/opt/ros/humble/share/python_cmake_module/cmake)
-- Using PYTHON_EXECUTABLE: /usr/bin/python3
-- Using PYTHON_INCLUDE_DIRS: /usr/include/python3.10
-- Using PYTHON_LIBRARIES: /usr/lib/x86_64-linux-gnu/libpython3.10.so
[0mCMake Deprecation Warning at /opt/ros/humble/share/rosidl_cmake/cmake/rosidl_target_interfaces.cmake:32 (message):
  Use rosidl_get_typesupport_target() and target_link_libraries() instead of
  rosidl_target_interfaces()
Call Stack (most recent call first):
  CMakeLists.txt:64 (rosidl_target_interfaces)

[0m
[0mCMake Deprecation Warning at /opt/ros/humble/share/rosidl_cmake/cmake/rosidl_target_interfaces.cmake:32 (message):
  Use rosidl_get_typesupport_target() and target_link_libraries() instead of
  rosidl_target_interfaces()
Call Stack (most recent call first):
  CMakeLists.txt:71 (rosidl_target_interfaces)

[0m
[0mCMake Deprecation Warning at /opt/ros/humble/share/rosidl_cmake/cmake/rosidl_target_interfaces.cmake:32 (message):
  Use rosidl_get_typesupport_target() and target_link_libraries() instead of
  rosidl_target_interfaces()
Call Stack (most recent call first):
  CMakeLists.txt:77 (rosidl_target_interfaces)

[0m
-- Added test 'cppcheck' to perform static code analysis on C / C++ code
-- Configured cppcheck include dirs: $<BUILD_INTERFACE:/root/ros2_ws/src/vissus_projekt/build/vissus_projekt/rosidl_generator_c>;$<BUILD_INTERFACE:/root/ros2_ws/src/vissus_projekt/build/vissus_projekt/rosidl_typesupport_fastrtps_c>;$<BUILD_INTERFACE:/root/ros2_ws/src/vissus_projekt/build/vissus_projekt/rosidl_generator_cpp>;$<BUILD_INTERFACE:/root/ros2_ws/src/vissus_projekt/build/vissus_projekt/rosidl_typesupport_fastrtps_cpp>;$<BUILD_INTERFACE:/root/ros2_ws/src/vissus_projekt/build/vissus_projekt/rosidl_typesupport_introspection_c>;$<BUILD_INTERFACE:/root/ros2_ws/src/vissus_projekt/build/vissus_projekt/rosidl_typesupport_introspection_cpp>;/root/ros2_ws/src/vissus_projekt/build/vissus_projekt/rosidl_generator_c;/root/ros2_ws/src/vissus_projekt/build/vissus_projekt/rosidl_generator_py;/root/ros2_ws/src/vissus_projekt/include/;$<BUILD_INTERFACE:/root/ros2_ws/src/vissus_projekt/include>
-- Configured cppcheck exclude dirs and/or files: 
-- Added test 'flake8' to check Python code syntax and style conventions
-- Added test 'lint_cmake' to check CMake code style
-- Added test 'pep257' to check Python code against some of the docstring style conventions in PEP 257
-- Added test 'uncrustify' to check C / C++ code style
-- Configured uncrustify additional arguments: 
-- Added test 'xmllint' to check XML markup files
-- Configuring done
-- Generating done
-- Build files have been written to: /root/ros2_ws/src/vissus_projekt/build/vissus_projekt
[  1%] [34m[1mGenerating C code for ROS interfaces[0m
[  3%] [34m[1mGenerating C++ code for ROS interfaces[0m
[  3%] Built target ament_cmake_python_symlink_vissus_projekt
running egg_info
writing vissus_projekt.egg-info/PKG-INFO
writing dependency_links to vissus_projekt.egg-info/dependency_links.txt
writing top-level names to vissus_projekt.egg-info/top_level.txt
reading manifest file 'vissus_projekt.egg-info/SOURCES.txt'
writing manifest file 'vissus_projekt.egg-info/SOURCES.txt'
[  3%] Built target ament_cmake_python_build_vissus_projekt_egg
[35m[1mConsolidate compiler generated dependencies of target vissus_projekt__rosidl_generator_c[0m
[  3%] Built target vissus_projekt__cpp
[  8%] [32mBuilding C object CMakeFiles/vissus_projekt__rosidl_generator_c.dir/rosidl_generator_c/vissus_projekt/msg/detail/tuning_params__functions.c.o[0m
[  8%] [32mBuilding C object CMakeFiles/vissus_projekt__rosidl_generator_c.dir/rosidl_generator_c/vissus_projekt/msg/detail/odometry_array__functions.c.o[0m
[  8%] [32mBuilding C object CMakeFiles/vissus_projekt__rosidl_generator_c.dir/rosidl_generator_c/vissus_projekt/msg/detail/formation__functions.c.o[0m
[ 12%] [34m[1mGenerating C++ type support dispatch for ROS interfaces[0m
[ 14%] [34m[1mGenerating C++ introspection for ROS interfaces[0m
[ 12%] [34m[1mGenerating C++ type support for eProsima Fast-RTPS[0m
[ 16%] [32m[1mLinking C shared library libvissus_projekt__rosidl_generator_c.so[0m
[ 16%] Built target vissus_projekt__rosidl_generator_c
[ 21%] [34m[1mGenerating C type support dispatch for ROS interfaces[0m
[ 21%] [34m[1mGenerating C introspection for ROS interfaces[0m
[ 21%] [34m[1mGenerating C type support for eProsima Fast-RTPS[0m
[35m[1mConsolidate compiler generated dependencies of target vissus_projekt__rosidl_typesupport_cpp[0m
[ 23%] [32mBuilding CXX object CMakeFiles/vissus_projekt__rosidl_typesupport_cpp.dir/rosidl_typesupport_cpp/vissus_projekt/msg/odometry_array__type_support.cpp.o[0m
[ 25%] [32mBuilding CXX object CMakeFiles/vissus_projekt__rosidl_typesupport_cpp.dir/rosidl_typesupport_cpp/vissus_projekt/msg/tuning_params__type_support.cpp.o[0m
[ 26%] [32mBuilding CXX object CMakeFiles/vissus_projekt__rosidl_typesupport_cpp.dir/rosidl_typesupport_cpp/vissus_projekt/msg/formation__type_support.cpp.o[0m
[35m[1mConsolidate compiler generated dependencies of target vissus_projekt__rosidl_typesupport_introspection_cpp[0m
[35m[1mConsolidate compiler generated dependencies of target vissus_projekt__rosidl_typesupport_fastrtps_cpp[0m
[ 28%] [32mBuilding CXX object CMakeFiles/vissus_projekt__rosidl_typesupport_introspection_cpp.dir/rosidl_typesupport_introspection_cpp/vissus_projekt/msg/detail/formation__type_support.cpp.o[0m
[ 30%] [32mBuilding CXX object CMakeFiles/vissus_projekt__rosidl_typesupport_introspection_cpp.dir/rosidl_typesupport_introspection_cpp/vissus_projekt/msg/detail/odometry_array__type_support.cpp.o[0m
[ 32%] [32mBuilding CXX object CMakeFiles/vissus_projekt__rosidl_typesupport_introspection_cpp.dir/rosidl_typesupport_introspection_cpp/vissus_projekt/msg/detail/tuning_params__type_support.cpp.o[0m
[ 33%] [32mBuilding CXX object CMakeFiles/vissus_projekt__rosidl_typesupport_fastrtps_cpp.dir/rosidl_typesupport_fastrtps_cpp/vissus_projekt/msg/detail/dds_fastrtps/tuning_params__type_support.cpp.o[0m
[ 35%] [32mBuilding CXX object CMakeFiles/vissus_projekt__rosidl_typesupport_fastrtps_cpp.dir/rosidl_typesupport_fastrtps_cpp/vissus_projekt/msg/detail/dds_fastrtps/odometry_array__type_support.cpp.o[0m
[ 37%] [32mBuilding CXX object CMakeFiles/vissus_projekt__rosidl_typesupport_fastrtps_cpp.dir/rosidl_typesupport_fastrtps_cpp/vissus_projekt/msg/detail/dds_fastrtps/formation__type_support.cpp.o[0m
[ 39%] [32mBuilding CXX object CMakeFiles/vissus_projekt__rosidl_typesupport_c.dir/rosidl_typesupport_c/vissus_projekt/msg/odometry_array__type_support.cpp.o[0m
[ 41%] [32mBuilding CXX object CMakeFiles/vissus_projekt__rosidl_typesupport_c.dir/rosidl_typesupport_c/vissus_projekt/msg/formation__type_support.cpp.o[0m
[ 42%] [32mBuilding CXX object CMakeFiles/vissus_projekt__rosidl_typesupport_c.dir/rosidl_typesupport_c/vissus_projekt/msg/tuning_params__type_support.cpp.o[0m
[ 44%] [32m[1mLinking CXX shared library libvissus_projekt__rosidl_typesupport_c.so[0m
[ 46%] [32mBuilding C object CMakeFiles/vissus_projekt__rosidl_typesupport_introspection_c.dir/rosidl_typesupport_introspection_c/vissus_projekt/msg/detail/tuning_params__type_support.c.o[0m
[ 48%] [32mBuilding C object CMakeFiles/vissus_projekt__rosidl_typesupport_introspection_c.dir/rosidl_typesupport_introspection_c/vissus_projekt/msg/detail/odometry_array__type_support.c.o[0m
[ 50%] [32mBuilding C object CMakeFiles/vissus_projekt__rosidl_typesupport_introspection_c.dir/rosidl_typesupport_introspection_c/vissus_projekt/msg/detail/formation__type_support.c.o[0m
[ 51%] [32mBuilding CXX object CMakeFiles/vissus_projekt__rosidl_typesupport_fastrtps_c.dir/rosidl_typesupport_fastrtps_c/vissus_projekt/msg/detail/odometry_array__type_support_c.cpp.o[0m
[ 53%] [32mBuilding CXX object CMakeFiles/vissus_projekt__rosidl_typesupport_fastrtps_c.dir/rosidl_typesupport_fastrtps_c/vissus_projekt/msg/detail/tuning_params__type_support_c.cpp.o[0m
[ 55%] [32mBuilding CXX object CMakeFiles/vissus_projekt__rosidl_typesupport_fastrtps_c.dir/rosidl_typesupport_fastrtps_c/vissus_projekt/msg/detail/formation__type_support_c.cpp.o[0m
[ 55%] Built target vissus_projekt__rosidl_typesupport_c
[ 57%] [32m[1mLinking C shared library libvissus_projekt__rosidl_typesupport_introspection_c.so[0m
[ 57%] Built target vissus_projekt__rosidl_typesupport_introspection_c
[ 58%] [32m[1mLinking CXX shared library libvissus_projekt__rosidl_typesupport_cpp.so[0m
[ 58%] Built target vissus_projekt__rosidl_typesupport_cpp
[ 60%] [32m[1mLinking CXX shared library libvissus_projekt__rosidl_typesupport_introspection_cpp.so[0m
[ 62%] [32m[1mLinking CXX shared library libvissus_projekt__rosidl_typesupport_fastrtps_c.so[0m
[ 64%] [32m[1mLinking CXX shared library libvissus_projekt__rosidl_typesupport_fastrtps_cpp.so[0m
[ 64%] Built target vissus_projekt__rosidl_typesupport_introspection_cpp
[ 64%] Built target vissus_projekt__rosidl_typesupport_fastrtps_c
[ 64%] Built target vissus_projekt__rosidl_typesupport_fastrtps_cpp
[ 64%] Built target vissus_projekt
[ 75%] [32mBuilding CXX object CMakeFiles/data_splitter.dir/src/data-splitter/data_splitter_node.cpp.o[0m
[ 75%] [32mBuilding CXX object CMakeFiles/boid_control.dir/src/utils.cpp.o[0m
[ 75%] [32mBuilding CXX object CMakeFiles/data_splitter.dir/src/utils.cpp.o[0m
[ 75%] [32mBuilding CXX object CMakeFiles/boid_control.dir/src/boid-control/boid_control_node.cpp.o[0m
[ 76%] [34m[1mGenerating Python code for ROS interfaces[0m
[ 76%] [32mBuilding CXX object CMakeFiles/goal_pub.dir/src/utils.cpp.o[0m
[ 76%] [32mBuilding CXX object CMakeFiles/goal_pub.dir/src/goal-pub/goal_pub.cpp.o[0m
[ 76%] Built target vissus_projekt__py
[ 78%] [32mBuilding C object CMakeFiles/vissus_projekt__rosidl_generator_py.dir/rosidl_generator_py/vissus_projekt/msg/_formation_s.c.o[0m
[ 80%] [32mBuilding C object CMakeFiles/vissus_projekt__rosidl_generator_py.dir/rosidl_generator_py/vissus_projekt/msg/_tuning_params_s.c.o[0m
[ 82%] [32mBuilding C object CMakeFiles/vissus_projekt__rosidl_generator_py.dir/rosidl_generator_py/vissus_projekt/msg/_odometry_array_s.c.o[0m
[ 83%] [32m[1mLinking C shared library rosidl_generator_py/vissus_projekt/libvissus_projekt__rosidl_generator_py.so[0m
[ 83%] Built target vissus_projekt__rosidl_generator_py
[ 87%] [32mBuilding C object CMakeFiles/vissus_projekt__rosidl_typesupport_c__pyext.dir/rosidl_generator_py/vissus_projekt/_vissus_projekt_s.ep.rosidl_typesupport_c.c.o[0m
[ 87%] [32mBuilding C object CMakeFiles/vissus_projekt__rosidl_typesupport_introspection_c__pyext.dir/rosidl_generator_py/vissus_projekt/_vissus_projekt_s.ep.rosidl_typesupport_introspection_c.c.o[0m
[ 89%] [32mBuilding C object CMakeFiles/vissus_projekt__rosidl_typesupport_fastrtps_c__pyext.dir/rosidl_generator_py/vissus_projekt/_vissus_projekt_s.ep.rosidl_typesupport_fastrtps_c.c.o[0m
[ 91%] [32m[1mLinking C shared library rosidl_generator_py/vissus_projekt/vissus_projekt_s__rosidl_typesupport_fastrtps_c.cpython-310-x86_64-linux-gnu.so[0m
[ 92%] [32m[1mLinking C shared library rosidl_generator_py/vissus_projekt/vissus_projekt_s__rosidl_typesupport_c.cpython-310-x86_64-linux-gnu.so[0m
[ 94%] [32m[1mLinking C shared library rosidl_generator_py/vissus_projekt/vissus_projekt_s__rosidl_typesupport_introspection_c.cpython-310-x86_64-linux-gnu.so[0m
[ 94%] Built target vissus_projekt__rosidl_typesupport_fastrtps_c__pyext
[ 94%] Built target vissus_projekt__rosidl_typesupport_c__pyext
[ 94%] Built target vissus_projekt__rosidl_typesupport_introspection_c__pyext
[01m[K/root/ros2_ws/src/vissus_projekt/src/boid-control/boid_control_node.cpp:[m[K In constructor â€˜[01m[KBoid_Controller_Node::Boid_Controller_Node()[m[Kâ€™:
[01m[K/root/ros2_ws/src/vissus_projekt/src/boid-control/boid_control_node.cpp:59:9:[m[K [01;31m[Kerror: [m[Kexpected â€˜[01m[K,[m[Kâ€™ or â€˜[01m[K;[m[Kâ€™ before â€˜[01m[Kint[m[Kâ€™
   59 |         [01;31m[Kint[m[K num_boids_ = 4;
      |         [01;31m[K^~~[m[K
[01m[K/root/ros2_ws/src/vissus_projekt/src/boid-control/boid_control_node.cpp:60:26:[m[K [01;31m[Kerror: [m[Kâ€˜[01m[KGet_Adjacency_Matrix[m[Kâ€™ was not declared in this scope; did you mean â€˜[01m[KGet_Adjancency_Matrix[m[Kâ€™?
   60 |         adjacency_mat_ = [01;31m[KGet_Adjacency_Matrix[m[K(filepath, 4);
      |                          [01;31m[K^~~~~~~~~~~~~~~~~~~~[m[K
      |                          [32m[KGet_Adjancency_Matrix[m[K
[01m[K/root/ros2_ws/src/vissus_projekt/src/data-splitter/data_splitter_node.cpp:[m[K In member function â€˜[01m[KVector2 Data_Splitter_Node::get_closest_obstacle(const Msg_Odom&)[m[Kâ€™:
[01m[K/root/ros2_ws/src/vissus_projekt/src/data-splitter/data_splitter_node.cpp:101:43:[m[K [01;35m[Kwarning: [m[Knarrowing conversion of â€˜[01m[K(geometry_msgs::msg::Point_<std::allocator<void> >::_x_type)robot_odom.nav_msgs::msg::Odometry_<std::allocator<void> >::pose.geometry_msgs::msg::PoseWithCovariance_<std::allocator<void> >::pose.geometry_msgs::msg::Pose_<std::allocator<void> >::position.geometry_msgs::msg::Point_<std::allocator<void> >::x[m[Kâ€™ from â€˜[01m[Kgeometry_msgs::msg::Point_<std::allocator<void> >::_x_type[m[Kâ€™ {aka â€˜[01m[Kdouble[m[Kâ€™} to â€˜[01m[Kfloat[m[Kâ€™ [[01;35m[K]8;;https://gcc.gnu.org/onlinedocs/gcc/Warning-Options.html#index-Wnarrowing-Wnarrowing]8;;[m[K]
  101 |             [01;35m[Krobot_odom.pose.pose.position.x[m[K,
      |             [01;35m[K~~~~~~~~~~~~~~~~~~~~~~~~~~~~~~^[m[K
[01m[K/root/ros2_ws/src/vissus_projekt/src/data-splitter/data_splitter_node.cpp:102:43:[m[K [01;35m[Kwarning: [m[Knarrowing conversion of â€˜[01m[K(geometry_msgs::msg::Point_<std::allocator<void> >::_y_type)robot_odom.nav_msgs::msg::Odometry_<std::allocator<void> >::pose.geometry_msgs::msg::PoseWithCovariance_<std::allocator<void> >::pose.geometry_msgs::msg::Pose_<std::allocator<void> >::position.geometry_msgs::msg::Point_<std::allocator<void> >::y[m[Kâ€™ from â€˜[01m[Kgeometry_msgs::msg::Point_<std::allocator<void> >::_y_type[m[Kâ€™ {aka â€˜[01m[Kdouble[m[Kâ€™} to â€˜[01m[Kfloat[m[Kâ€™ [[01;35m[K]8;;https://gcc.gnu.org/onlinedocs/gcc/Warning-Options.html#index-Wnarrowing-Wnarrowing]8;;[m[K]
  102 |             [01;35m[Krobot_odom.pose.pose.position.y[m[K};
      |             [01;35m[K~~~~~~~~~~~~~~~~~~~~~~~~~~~~~~^[m[K
[01m[K/root/ros2_ws/src/vissus_projekt/src/boid-control/boid_control_node.cpp:83:13:[m[K [01;31m[Kerror: [m[Kâ€˜[01m[Krobot_formation_topic[m[Kâ€™ was not declared in this scope; did you mean â€˜[01m[Kformation_topic[m[Kâ€™?
   83 |             [01;31m[Krobot_formation_topic[m[K,
      |             [01;31m[K^~~~~~~~~~~~~~~~~~~~~[m[K
      |             [32m[Kformation_topic[m[K
[01m[K/root/ros2_ws/src/vissus_projekt/src/boid-control/boid_control_node.cpp:[m[K In member function â€˜[01m[Kvoid Boid_Controller_Node::Subscription_Boid_Info_Callback(vissus_projekt::msg::OdometryArray_<std::allocator<void> >::SharedPtr)[m[Kâ€™:
[01m[K/root/ros2_ws/src/vissus_projekt/src/boid-control/boid_control_node.cpp:232:15:[m[K [01;35m[Kwarning: [m[Kunused variable â€˜[01m[Kdelta_linear_x[m[Kâ€™ [[01;35m[K]8;;https://gcc.gnu.org/onlinedocs/gcc/Warning-Options.html#index-Wunused-variable-Wunused-variable]8;;[m[K]
  232 |         float [01;35m[Kdelta_linear_x[m[K = sqrt(accel_total.x*accel_total.x + accel_total.y*accel_total.y);
      |               [01;35m[K^~~~~~~~~~~~~~[m[K
[01m[K/root/ros2_ws/src/vissus_projekt/src/boid-control/boid_control_node.cpp:239:15:[m[K [01;35m[Kwarning: [m[Kunused variable â€˜[01m[Krelative_angle[m[Kâ€™ [[01;35m[K]8;;https://gcc.gnu.org/onlinedocs/gcc/Warning-Options.html#index-Wunused-variable-Wunused-variable]8;;[m[K]
  239 |         float [01;35m[Krelative_angle[m[K = normalize_angle(atan2(accel_total.y, accel_total.x) - yaw);
      |               [01;35m[K^~~~~~~~~~~~~~[m[K
[01m[K/root/ros2_ws/src/vissus_projekt/src/boid-control/boid_control_node.cpp:240:15:[m[K [01;35m[Kwarning: [m[Kunused variable â€˜[01m[Kdelta_angular_z[m[Kâ€™ [[01;35m[K]8;;https://gcc.gnu.org/onlinedocs/gcc/Warning-Options.html#index-Wunused-variable-Wunused-variable]8;;[m[K]
  240 |         float [01;35m[Kdelta_angular_z[m[K = p_controller_update(
      |               [01;35m[K^~~~~~~~~~~~~~~[m[K
[01m[K/root/ros2_ws/src/vissus_projekt/src/boid-control/boid_control_node.cpp:[m[K In member function â€˜[01m[Kvoid Boid_Controller_Node::Subscription_Formation_Callback(vissus_projekt::msg::Formation_<std::allocator<void> >::SharedPtr)[m[Kâ€™:
[01m[K/root/ros2_ws/src/vissus_projekt/src/boid-control/boid_control_node.cpp:522:5:[m[K [01;31m[Kerror: [m[Kâ€˜[01m[Kformation_points_[m[Kâ€™ was not declared in this scope
  522 |     [01;31m[Kformation_points_[m[K = points->formation_points;
      |     [01;31m[K^~~~~~~~~~~~~~~~~[m[K
[01m[K/root/ros2_ws/src/vissus_projekt/src/boid-control/boid_control_node.cpp:[m[K In member function â€˜[01m[KVector2 Boid_Controller_Node::Calculate_Vel_Centroid_Consensus(std::vector<nav_msgs::msg::Odometry_<std::allocator<void> >, std::allocator<nav_msgs::msg::Odometry_<std::allocator<void> > > >)[m[Kâ€™:
[01m[K/root/ros2_ws/src/vissus_projekt/src/boid-control/boid_control_node.cpp:580:23:[m[K [01;35m[Kwarning: [m[Kcomparison of integer expressions of different signedness: â€˜[01m[Kint[m[Kâ€™ and â€˜[01m[Kstd::vector<nav_msgs::msg::Odometry_<std::allocator<void> >, std::allocator<nav_msgs::msg::Odometry_<std::allocator<void> > > >::size_type[m[Kâ€™ {aka â€˜[01m[Klong unsigned int[m[Kâ€™} [[01;35m[K]8;;https://gcc.gnu.org/onlinedocs/gcc/Warning-Options.html#index-Wsign-compare-Wsign-compare]8;;[m[K]
  580 |     for (int i = 0; [01;35m[Ki < odoms.size()[m[K; i++) {
      |                     [01;35m[K~~^~~~~~~~~~~~~~[m[K
[01m[K/root/ros2_ws/src/vissus_projekt/src/boid-control/boid_control_node.cpp:[m[K In member function â€˜[01m[KVector2 Boid_Controller_Node::Calculate_Vel_Centroid_Consensus(std::vector<nav_msgs::msg::Odometry_<std::allocator<void> >, std::allocator<nav_msgs::msg::Odometry_<std::allocator<void> > > >, std::vector<Vector2>)[m[Kâ€™:
[01m[K/root/ros2_ws/src/vissus_projekt/src/boid-control/boid_control_node.cpp:601:23:[m[K [01;35m[Kwarning: [m[Kcomparison of integer expressions of different signedness: â€˜[01m[Kint[m[Kâ€™ and â€˜[01m[Kstd::vector<nav_msgs::msg::Odometry_<std::allocator<void> >, std::allocator<nav_msgs::msg::Odometry_<std::allocator<void> > > >::size_type[m[Kâ€™ {aka â€˜[01m[Klong unsigned int[m[Kâ€™} [[01;35m[K]8;;https://gcc.gnu.org/onlinedocs/gcc/Warning-Options.html#index-Wsign-compare-Wsign-compare]8;;[m[K]
  601 |     for (int i = 0; [01;35m[Ki < odoms.size()[m[K; i++) {
      |                     [01;35m[K~~^~~~~~~~~~~~~~[m[K
[01m[K/root/ros2_ws/src/vissus_projekt/src/boid-control/boid_control_node.cpp:[m[K In function â€˜[01m[KBool_mat Get_Adjancency_Matrix(std::string, int)[m[Kâ€™:
[01m[K/root/ros2_ws/src/vissus_projekt/src/boid-control/boid_control_node.cpp:628:30:[m[K [01;35m[Kwarning: [m[Kcomparison of integer expressions of different signedness: â€˜[01m[Ksize_t[m[Kâ€™ {aka â€˜[01m[Klong unsigned int[m[Kâ€™} and â€˜[01m[Kint[m[Kâ€™ [[01;35m[K]8;;https://gcc.gnu.org/onlinedocs/gcc/Warning-Options.html#index-Wsign-compare-Wsign-compare]8;;[m[K]
  628 |         for (size_t y = 0; [01;35m[Ky < num_boids[m[K; y++)
      |                            [01;35m[K~~^~~~~~~~~~~[m[K
[01m[K/root/ros2_ws/src/vissus_projekt/src/boid-control/boid_control_node.cpp:629:34:[m[K [01;35m[Kwarning: [m[Kcomparison of integer expressions of different signedness: â€˜[01m[Ksize_t[m[Kâ€™ {aka â€˜[01m[Klong unsigned int[m[Kâ€™} and â€˜[01m[Kint[m[Kâ€™ [[01;35m[K]8;;https://gcc.gnu.org/onlinedocs/gcc/Warning-Options.html#index-Wsign-compare-Wsign-compare]8;;[m[K]
  629 |             for (size_t x = 0; [01;35m[Kx < num_boids[m[K; x++)
      |                                [01;35m[K~~^~~~~~~~~~~[m[K
[ 96%] [32m[1mLinking CXX executable goal_pub[0m
[ 96%] Built target goal_pub
gmake[2]: *** [CMakeFiles/boid_control.dir/build.make:90: CMakeFiles/boid_control.dir/src/boid-control/boid_control_node.cpp.o] Error 1
gmake[1]: *** [CMakeFiles/Makefile2:598: CMakeFiles/boid_control.dir/all] Error 2
gmake[1]: *** Waiting for unfinished jobs....
[ 98%] [32m[1mLinking CXX executable data_splitter[0m
[ 98%] Built target data_splitter
gmake: *** [Makefile:146: all] Error 2
