[0.017s] Invoking command in '/root/ros2_ws/src/vissus_projekt/build/vissus_projekt': CMAKE_PREFIX_PATH=${CMAKE_PREFIX_PATH}:/root/ros2_ws/install/crazyflie_py:/opt/ros/humble /usr/bin/cmake --build /root/ros2_ws/src/vissus_projekt/build/vissus_projekt -- -j16 -l16
[0.075s] -- Found ament_cmake: 1.3.12 (/opt/ros/humble/share/ament_cmake/cmake)
[0.268s] -- Override CMake install command with custom implementation using symlinks instead of copying resources
[0.282s] -- Found rclcpp: 16.0.16 (/opt/ros/humble/share/rclcpp/cmake)
[0.331s] -- Found rosidl_generator_c: 3.1.7 (/opt/ros/humble/share/rosidl_generator_c/cmake)
[0.335s] -- Found rosidl_adapter: 3.1.7 (/opt/ros/humble/share/rosidl_adapter/cmake)
[0.344s] -- Found rosidl_generator_cpp: 3.1.7 (/opt/ros/humble/share/rosidl_generator_cpp/cmake)
[0.358s] -- Using all available rosidl_typesupport_c: rosidl_typesupport_fastrtps_c;rosidl_typesupport_introspection_c
[0.376s] -- Using all available rosidl_typesupport_cpp: rosidl_typesupport_fastrtps_cpp;rosidl_typesupport_introspection_cpp
[0.423s] -- Found rmw_implementation_cmake: 6.1.2 (/opt/ros/humble/share/rmw_implementation_cmake/cmake)
[0.425s] -- Found rmw_fastrtps_cpp: 6.2.9 (/opt/ros/humble/share/rmw_fastrtps_cpp/cmake)
[0.645s] -- Using RMW implementation 'rmw_fastrtps_cpp' as default
[0.714s] -- Found rclpy: 3.3.19 (/opt/ros/humble/share/rclpy/cmake)
[0.714s] -- Found nav_msgs: 4.9.0 (/opt/ros/humble/share/nav_msgs/cmake)
[0.756s] -- Found rosidl_default_generators: 1.2.0 (/opt/ros/humble/share/rosidl_default_generators/cmake)
[0.766s] -- Found message_filters: 4.3.11 (/opt/ros/humble/share/message_filters/cmake)
[0.770s] -- Found crazyflie_interfaces: 1.0.3 (/root/ros2_ws/install/crazyflie_interfaces/share/crazyflie_interfaces/cmake)
[0.794s] -- Found ament_lint_auto: 0.12.14 (/opt/ros/humble/share/ament_lint_auto/cmake)
[1.277s] -- Found ament_cmake_ros: 0.10.0 (/opt/ros/humble/share/ament_cmake_ros/cmake)
[1.986s] -- Using all available rosidl_typesupport_c: rosidl_typesupport_fastrtps_c;rosidl_typesupport_introspection_c
[2.257s] -- Using all available rosidl_typesupport_cpp: rosidl_typesupport_fastrtps_cpp;rosidl_typesupport_introspection_cpp
[2.300s] -- Found python_cmake_module: 0.10.0 (/opt/ros/humble/share/python_cmake_module/cmake)
[2.340s] -- Using PYTHON_EXECUTABLE: /usr/bin/python3
[2.340s] -- Using PYTHON_INCLUDE_DIRS: /usr/include/python3.10
[2.340s] -- Using PYTHON_LIBRARIES: /usr/lib/x86_64-linux-gnu/libpython3.10.so
[2.417s] [0mCMake Deprecation Warning at /opt/ros/humble/share/rosidl_cmake/cmake/rosidl_target_interfaces.cmake:32 (message):
[2.417s]   Use rosidl_get_typesupport_target() and target_link_libraries() instead of
[2.417s]   rosidl_target_interfaces()
[2.417s] Call Stack (most recent call first):
[2.417s]   CMakeLists.txt:64 (rosidl_target_interfaces)
[2.418s] 
[2.418s] [0m
[2.421s] [0mCMake Deprecation Warning at /opt/ros/humble/share/rosidl_cmake/cmake/rosidl_target_interfaces.cmake:32 (message):
[2.421s]   Use rosidl_get_typesupport_target() and target_link_libraries() instead of
[2.422s]   rosidl_target_interfaces()
[2.422s] Call Stack (most recent call first):
[2.422s]   CMakeLists.txt:71 (rosidl_target_interfaces)
[2.422s] 
[2.422s] [0m
[2.425s] [0mCMake Deprecation Warning at /opt/ros/humble/share/rosidl_cmake/cmake/rosidl_target_interfaces.cmake:32 (message):
[2.425s]   Use rosidl_get_typesupport_target() and target_link_libraries() instead of
[2.425s]   rosidl_target_interfaces()
[2.425s] Call Stack (most recent call first):
[2.425s]   CMakeLists.txt:77 (rosidl_target_interfaces)
[2.426s] 
[2.426s] [0m
[2.564s] -- Added test 'cppcheck' to perform static code analysis on C / C++ code
[2.565s] -- Configured cppcheck include dirs: $<BUILD_INTERFACE:/root/ros2_ws/src/vissus_projekt/build/vissus_projekt/rosidl_generator_c>;$<BUILD_INTERFACE:/root/ros2_ws/src/vissus_projekt/build/vissus_projekt/rosidl_typesupport_fastrtps_c>;$<BUILD_INTERFACE:/root/ros2_ws/src/vissus_projekt/build/vissus_projekt/rosidl_generator_cpp>;$<BUILD_INTERFACE:/root/ros2_ws/src/vissus_projekt/build/vissus_projekt/rosidl_typesupport_fastrtps_cpp>;$<BUILD_INTERFACE:/root/ros2_ws/src/vissus_projekt/build/vissus_projekt/rosidl_typesupport_introspection_c>;$<BUILD_INTERFACE:/root/ros2_ws/src/vissus_projekt/build/vissus_projekt/rosidl_typesupport_introspection_cpp>;/root/ros2_ws/src/vissus_projekt/build/vissus_projekt/rosidl_generator_c;/root/ros2_ws/src/vissus_projekt/build/vissus_projekt/rosidl_generator_py;/root/ros2_ws/src/vissus_projekt/include/;$<BUILD_INTERFACE:/root/ros2_ws/src/vissus_projekt/include>
[2.565s] -- Configured cppcheck exclude dirs and/or files: 
[2.582s] -- Added test 'flake8' to check Python code syntax and style conventions
[2.614s] -- Added test 'lint_cmake' to check CMake code style
[2.630s] -- Added test 'pep257' to check Python code against some of the docstring style conventions in PEP 257
[2.759s] -- Added test 'uncrustify' to check C / C++ code style
[2.760s] -- Configured uncrustify additional arguments: 
[2.776s] -- Added test 'xmllint' to check XML markup files
[2.785s] -- Configuring done
[2.913s] -- Generating done
[2.953s] -- Build files have been written to: /root/ros2_ws/src/vissus_projekt/build/vissus_projekt
[3.012s] [  1%] [34m[1mGenerating C code for ROS interfaces[0m
[3.034s] [  3%] [34m[1mGenerating C++ code for ROS interfaces[0m
[3.051s] [  3%] Built target ament_cmake_python_symlink_vissus_projekt
[3.571s] running egg_info
[3.572s] writing vissus_projekt.egg-info/PKG-INFO
[3.573s] writing dependency_links to vissus_projekt.egg-info/dependency_links.txt
[3.573s] writing top-level names to vissus_projekt.egg-info/top_level.txt
[3.579s] reading manifest file 'vissus_projekt.egg-info/SOURCES.txt'
[3.580s] writing manifest file 'vissus_projekt.egg-info/SOURCES.txt'
[3.644s] [  3%] Built target ament_cmake_python_build_vissus_projekt_egg
[3.670s] [35m[1mConsolidate compiler generated dependencies of target vissus_projekt__rosidl_generator_c[0m
[3.688s] [  3%] Built target vissus_projekt__cpp
[3.696s] [  8%] [32mBuilding C object CMakeFiles/vissus_projekt__rosidl_generator_c.dir/rosidl_generator_c/vissus_projekt/msg/detail/tuning_params__functions.c.o[0m
[3.696s] [  8%] [32mBuilding C object CMakeFiles/vissus_projekt__rosidl_generator_c.dir/rosidl_generator_c/vissus_projekt/msg/detail/odometry_array__functions.c.o[0m
[3.696s] [  8%] [32mBuilding C object CMakeFiles/vissus_projekt__rosidl_generator_c.dir/rosidl_generator_c/vissus_projekt/msg/detail/formation__functions.c.o[0m
[3.710s] [ 12%] [34m[1mGenerating C++ type support dispatch for ROS interfaces[0m
[3.710s] [ 14%] [34m[1mGenerating C++ introspection for ROS interfaces[0m
[3.712s] [ 12%] [34m[1mGenerating C++ type support for eProsima Fast-RTPS[0m
[3.797s] [ 16%] [32m[1mLinking C shared library libvissus_projekt__rosidl_generator_c.so[0m
[3.877s] [ 16%] Built target vissus_projekt__rosidl_generator_c
[3.901s] [ 21%] [34m[1mGenerating C type support dispatch for ROS interfaces[0m
[3.901s] [ 21%] [34m[1mGenerating C introspection for ROS interfaces[0m
[3.902s] [ 21%] [34m[1mGenerating C type support for eProsima Fast-RTPS[0m
[4.265s] [35m[1mConsolidate compiler generated dependencies of target vissus_projekt__rosidl_typesupport_cpp[0m
[4.303s] [ 23%] [32mBuilding CXX object CMakeFiles/vissus_projekt__rosidl_typesupport_cpp.dir/rosidl_typesupport_cpp/vissus_projekt/msg/odometry_array__type_support.cpp.o[0m
[4.305s] [ 25%] [32mBuilding CXX object CMakeFiles/vissus_projekt__rosidl_typesupport_cpp.dir/rosidl_typesupport_cpp/vissus_projekt/msg/tuning_params__type_support.cpp.o[0m
[4.309s] [ 26%] [32mBuilding CXX object CMakeFiles/vissus_projekt__rosidl_typesupport_cpp.dir/rosidl_typesupport_cpp/vissus_projekt/msg/formation__type_support.cpp.o[0m
[4.383s] [35m[1mConsolidate compiler generated dependencies of target vissus_projekt__rosidl_typesupport_introspection_cpp[0m
[4.401s] [35m[1mConsolidate compiler generated dependencies of target vissus_projekt__rosidl_typesupport_fastrtps_cpp[0m
[4.426s] [ 28%] [32mBuilding CXX object CMakeFiles/vissus_projekt__rosidl_typesupport_introspection_cpp.dir/rosidl_typesupport_introspection_cpp/vissus_projekt/msg/detail/formation__type_support.cpp.o[0m
[4.432s] [ 30%] [32mBuilding CXX object CMakeFiles/vissus_projekt__rosidl_typesupport_introspection_cpp.dir/rosidl_typesupport_introspection_cpp/vissus_projekt/msg/detail/odometry_array__type_support.cpp.o[0m
[4.435s] [ 32%] [32mBuilding CXX object CMakeFiles/vissus_projekt__rosidl_typesupport_introspection_cpp.dir/rosidl_typesupport_introspection_cpp/vissus_projekt/msg/detail/tuning_params__type_support.cpp.o[0m
[4.456s] [ 33%] [32mBuilding CXX object CMakeFiles/vissus_projekt__rosidl_typesupport_fastrtps_cpp.dir/rosidl_typesupport_fastrtps_cpp/vissus_projekt/msg/detail/dds_fastrtps/tuning_params__type_support.cpp.o[0m
[4.459s] [ 35%] [32mBuilding CXX object CMakeFiles/vissus_projekt__rosidl_typesupport_fastrtps_cpp.dir/rosidl_typesupport_fastrtps_cpp/vissus_projekt/msg/detail/dds_fastrtps/odometry_array__type_support.cpp.o[0m
[4.481s] [ 37%] [32mBuilding CXX object CMakeFiles/vissus_projekt__rosidl_typesupport_fastrtps_cpp.dir/rosidl_typesupport_fastrtps_cpp/vissus_projekt/msg/detail/dds_fastrtps/formation__type_support.cpp.o[0m
[4.488s] [ 39%] [32mBuilding CXX object CMakeFiles/vissus_projekt__rosidl_typesupport_c.dir/rosidl_typesupport_c/vissus_projekt/msg/odometry_array__type_support.cpp.o[0m
[4.489s] [ 41%] [32mBuilding CXX object CMakeFiles/vissus_projekt__rosidl_typesupport_c.dir/rosidl_typesupport_c/vissus_projekt/msg/formation__type_support.cpp.o[0m
[4.491s] [ 42%] [32mBuilding CXX object CMakeFiles/vissus_projekt__rosidl_typesupport_c.dir/rosidl_typesupport_c/vissus_projekt/msg/tuning_params__type_support.cpp.o[0m
[4.689s] [ 44%] [32m[1mLinking CXX shared library libvissus_projekt__rosidl_typesupport_c.so[0m
[4.717s] [ 46%] [32mBuilding C object CMakeFiles/vissus_projekt__rosidl_typesupport_introspection_c.dir/rosidl_typesupport_introspection_c/vissus_projekt/msg/detail/tuning_params__type_support.c.o[0m
[4.717s] [ 48%] [32mBuilding C object CMakeFiles/vissus_projekt__rosidl_typesupport_introspection_c.dir/rosidl_typesupport_introspection_c/vissus_projekt/msg/detail/odometry_array__type_support.c.o[0m
[4.723s] [ 50%] [32mBuilding C object CMakeFiles/vissus_projekt__rosidl_typesupport_introspection_c.dir/rosidl_typesupport_introspection_c/vissus_projekt/msg/detail/formation__type_support.c.o[0m
[4.778s] [ 51%] [32mBuilding CXX object CMakeFiles/vissus_projekt__rosidl_typesupport_fastrtps_c.dir/rosidl_typesupport_fastrtps_c/vissus_projekt/msg/detail/odometry_array__type_support_c.cpp.o[0m
[4.784s] [ 53%] [32mBuilding CXX object CMakeFiles/vissus_projekt__rosidl_typesupport_fastrtps_c.dir/rosidl_typesupport_fastrtps_c/vissus_projekt/msg/detail/tuning_params__type_support_c.cpp.o[0m
[4.784s] [ 55%] [32mBuilding CXX object CMakeFiles/vissus_projekt__rosidl_typesupport_fastrtps_c.dir/rosidl_typesupport_fastrtps_c/vissus_projekt/msg/detail/formation__type_support_c.cpp.o[0m
[4.895s] [ 55%] Built target vissus_projekt__rosidl_typesupport_c
[4.914s] [ 57%] [32m[1mLinking C shared library libvissus_projekt__rosidl_typesupport_introspection_c.so[0m
[5.056s] [ 57%] Built target vissus_projekt__rosidl_typesupport_introspection_c
[5.066s] [ 58%] [32m[1mLinking CXX shared library libvissus_projekt__rosidl_typesupport_cpp.so[0m
[5.215s] [ 58%] Built target vissus_projekt__rosidl_typesupport_cpp
[5.524s] [ 60%] [32m[1mLinking CXX shared library libvissus_projekt__rosidl_typesupport_introspection_cpp.so[0m
[5.594s] [ 62%] [32m[1mLinking CXX shared library libvissus_projekt__rosidl_typesupport_fastrtps_c.so[0m
[5.677s] [ 64%] [32m[1mLinking CXX shared library libvissus_projekt__rosidl_typesupport_fastrtps_cpp.so[0m
[5.719s] [ 64%] Built target vissus_projekt__rosidl_typesupport_introspection_cpp
[5.789s] [ 64%] Built target vissus_projekt__rosidl_typesupport_fastrtps_c
[5.853s] [ 64%] Built target vissus_projekt__rosidl_typesupport_fastrtps_cpp
[5.891s] [ 64%] Built target vissus_projekt
[5.930s] [ 75%] [32mBuilding CXX object CMakeFiles/data_splitter.dir/src/data-splitter/data_splitter_node.cpp.o[0m
[5.931s] [ 75%] [32mBuilding CXX object CMakeFiles/boid_control.dir/src/utils.cpp.o[0m
[5.931s] [ 75%] [32mBuilding CXX object CMakeFiles/data_splitter.dir/src/utils.cpp.o[0m
[5.931s] [ 75%] [32mBuilding CXX object CMakeFiles/boid_control.dir/src/boid-control/boid_control_node.cpp.o[0m
[5.931s] [ 76%] [34m[1mGenerating Python code for ROS interfaces[0m
[5.933s] [ 76%] [32mBuilding CXX object CMakeFiles/goal_pub.dir/src/utils.cpp.o[0m
[5.935s] [ 76%] [32mBuilding CXX object CMakeFiles/goal_pub.dir/src/goal-pub/goal_pub.cpp.o[0m
[6.803s] [ 76%] Built target vissus_projekt__py
[6.851s] [ 78%] [32mBuilding C object CMakeFiles/vissus_projekt__rosidl_generator_py.dir/rosidl_generator_py/vissus_projekt/msg/_formation_s.c.o[0m
[6.851s] [ 80%] [32mBuilding C object CMakeFiles/vissus_projekt__rosidl_generator_py.dir/rosidl_generator_py/vissus_projekt/msg/_tuning_params_s.c.o[0m
[6.854s] [ 82%] [32mBuilding C object CMakeFiles/vissus_projekt__rosidl_generator_py.dir/rosidl_generator_py/vissus_projekt/msg/_odometry_array_s.c.o[0m
[7.118s] [ 83%] [32m[1mLinking C shared library rosidl_generator_py/vissus_projekt/libvissus_projekt__rosidl_generator_py.so[0m
[7.217s] [ 83%] Built target vissus_projekt__rosidl_generator_py
[7.265s] [ 87%] [32mBuilding C object CMakeFiles/vissus_projekt__rosidl_typesupport_c__pyext.dir/rosidl_generator_py/vissus_projekt/_vissus_projekt_s.ep.rosidl_typesupport_c.c.o[0m
[7.266s] [ 87%] [32mBuilding C object CMakeFiles/vissus_projekt__rosidl_typesupport_introspection_c__pyext.dir/rosidl_generator_py/vissus_projekt/_vissus_projekt_s.ep.rosidl_typesupport_introspection_c.c.o[0m
[7.271s] [ 89%] [32mBuilding C object CMakeFiles/vissus_projekt__rosidl_typesupport_fastrtps_c__pyext.dir/rosidl_generator_py/vissus_projekt/_vissus_projekt_s.ep.rosidl_typesupport_fastrtps_c.c.o[0m
[7.498s] [ 91%] [32m[1mLinking C shared library rosidl_generator_py/vissus_projekt/vissus_projekt_s__rosidl_typesupport_fastrtps_c.cpython-310-x86_64-linux-gnu.so[0m
[7.511s] [ 92%] [32m[1mLinking C shared library rosidl_generator_py/vissus_projekt/vissus_projekt_s__rosidl_typesupport_c.cpython-310-x86_64-linux-gnu.so[0m
[7.563s] [ 94%] [32m[1mLinking C shared library rosidl_generator_py/vissus_projekt/vissus_projekt_s__rosidl_typesupport_introspection_c.cpython-310-x86_64-linux-gnu.so[0m
[7.595s] [ 94%] Built target vissus_projekt__rosidl_typesupport_fastrtps_c__pyext
[7.600s] [ 94%] Built target vissus_projekt__rosidl_typesupport_c__pyext
[7.645s] [ 94%] Built target vissus_projekt__rosidl_typesupport_introspection_c__pyext
[10.757s] [01m[K/root/ros2_ws/src/vissus_projekt/src/boid-control/boid_control_node.cpp:[m[K In constructor â€˜[01m[KBoid_Controller_Node::Boid_Controller_Node()[m[Kâ€™:
[10.758s] [01m[K/root/ros2_ws/src/vissus_projekt/src/boid-control/boid_control_node.cpp:59:9:[m[K [01;31m[Kerror: [m[Kexpected â€˜[01m[K,[m[Kâ€™ or â€˜[01m[K;[m[Kâ€™ before â€˜[01m[Kint[m[Kâ€™
[10.758s]    59 |         [01;31m[Kint[m[K num_boids_ = 4;
[10.759s]       |         [01;31m[K^~~[m[K
[10.766s] [01m[K/root/ros2_ws/src/vissus_projekt/src/boid-control/boid_control_node.cpp:60:26:[m[K [01;31m[Kerror: [m[Kâ€˜[01m[KGet_Adjacency_Matrix[m[Kâ€™ was not declared in this scope; did you mean â€˜[01m[KGet_Adjancency_Matrix[m[Kâ€™?
[10.766s]    60 |         adjacency_mat_ = [01;31m[KGet_Adjacency_Matrix[m[K(filepath, 4);
[10.766s]       |                          [01;31m[K^~~~~~~~~~~~~~~~~~~~[m[K
[10.767s]       |                          [32m[KGet_Adjancency_Matrix[m[K
[10.785s] [01m[K/root/ros2_ws/src/vissus_projekt/src/data-splitter/data_splitter_node.cpp:[m[K In member function â€˜[01m[KVector2 Data_Splitter_Node::get_closest_obstacle(const Msg_Odom&)[m[Kâ€™:
[10.786s] [01m[K/root/ros2_ws/src/vissus_projekt/src/data-splitter/data_splitter_node.cpp:101:43:[m[K [01;35m[Kwarning: [m[Knarrowing conversion of â€˜[01m[K(geometry_msgs::msg::Point_<std::allocator<void> >::_x_type)robot_odom.nav_msgs::msg::Odometry_<std::allocator<void> >::pose.geometry_msgs::msg::PoseWithCovariance_<std::allocator<void> >::pose.geometry_msgs::msg::Pose_<std::allocator<void> >::position.geometry_msgs::msg::Point_<std::allocator<void> >::x[m[Kâ€™ from â€˜[01m[Kgeometry_msgs::msg::Point_<std::allocator<void> >::_x_type[m[Kâ€™ {aka â€˜[01m[Kdouble[m[Kâ€™} to â€˜[01m[Kfloat[m[Kâ€™ [[01;35m[K]8;;https://gcc.gnu.org/onlinedocs/gcc/Warning-Options.html#index-Wnarrowing-Wnarrowing]8;;[m[K]
[10.786s]   101 |             [01;35m[Krobot_odom.pose.pose.position.x[m[K,
[10.786s]       |             [01;35m[K~~~~~~~~~~~~~~~~~~~~~~~~~~~~~~^[m[K
[10.786s] [01m[K/root/ros2_ws/src/vissus_projekt/src/data-splitter/data_splitter_node.cpp:102:43:[m[K [01;35m[Kwarning: [m[Knarrowing conversion of â€˜[01m[K(geometry_msgs::msg::Point_<std::allocator<void> >::_y_type)robot_odom.nav_msgs::msg::Odometry_<std::allocator<void> >::pose.geometry_msgs::msg::PoseWithCovariance_<std::allocator<void> >::pose.geometry_msgs::msg::Pose_<std::allocator<void> >::position.geometry_msgs::msg::Point_<std::allocator<void> >::y[m[Kâ€™ from â€˜[01m[Kgeometry_msgs::msg::Point_<std::allocator<void> >::_y_type[m[Kâ€™ {aka â€˜[01m[Kdouble[m[Kâ€™} to â€˜[01m[Kfloat[m[Kâ€™ [[01;35m[K]8;;https://gcc.gnu.org/onlinedocs/gcc/Warning-Options.html#index-Wnarrowing-Wnarrowing]8;;[m[K]
[10.786s]   102 |             [01;35m[Krobot_odom.pose.pose.position.y[m[K};
[10.786s]       |             [01;35m[K~~~~~~~~~~~~~~~~~~~~~~~~~~~~~~^[m[K
[10.799s] [01m[K/root/ros2_ws/src/vissus_projekt/src/boid-control/boid_control_node.cpp:83:13:[m[K [01;31m[Kerror: [m[Kâ€˜[01m[Krobot_formation_topic[m[Kâ€™ was not declared in this scope; did you mean â€˜[01m[Kformation_topic[m[Kâ€™?
[10.802s]    83 |             [01;31m[Krobot_formation_topic[m[K,
[10.802s]       |             [01;31m[K^~~~~~~~~~~~~~~~~~~~~[m[K
[10.802s]       |             [32m[Kformation_topic[m[K
[10.823s] [01m[K/root/ros2_ws/src/vissus_projekt/src/boid-control/boid_control_node.cpp:[m[K In member function â€˜[01m[Kvoid Boid_Controller_Node::Subscription_Boid_Info_Callback(vissus_projekt::msg::OdometryArray_<std::allocator<void> >::SharedPtr)[m[Kâ€™:
[10.823s] [01m[K/root/ros2_ws/src/vissus_projekt/src/boid-control/boid_control_node.cpp:232:15:[m[K [01;35m[Kwarning: [m[Kunused variable â€˜[01m[Kdelta_linear_x[m[Kâ€™ [[01;35m[K]8;;https://gcc.gnu.org/onlinedocs/gcc/Warning-Options.html#index-Wunused-variable-Wunused-variable]8;;[m[K]
[10.823s]   232 |         float [01;35m[Kdelta_linear_x[m[K = sqrt(accel_total.x*accel_total.x + accel_total.y*accel_total.y);
[10.823s]       |               [01;35m[K^~~~~~~~~~~~~~[m[K
[10.824s] [01m[K/root/ros2_ws/src/vissus_projekt/src/boid-control/boid_control_node.cpp:239:15:[m[K [01;35m[Kwarning: [m[Kunused variable â€˜[01m[Krelative_angle[m[Kâ€™ [[01;35m[K]8;;https://gcc.gnu.org/onlinedocs/gcc/Warning-Options.html#index-Wunused-variable-Wunused-variable]8;;[m[K]
[10.824s]   239 |         float [01;35m[Krelative_angle[m[K = normalize_angle(atan2(accel_total.y, accel_total.x) - yaw);
[10.824s]       |               [01;35m[K^~~~~~~~~~~~~~[m[K
[10.824s] [01m[K/root/ros2_ws/src/vissus_projekt/src/boid-control/boid_control_node.cpp:240:15:[m[K [01;35m[Kwarning: [m[Kunused variable â€˜[01m[Kdelta_angular_z[m[Kâ€™ [[01;35m[K]8;;https://gcc.gnu.org/onlinedocs/gcc/Warning-Options.html#index-Wunused-variable-Wunused-variable]8;;[m[K]
[10.824s]   240 |         float [01;35m[Kdelta_angular_z[m[K = p_controller_update(
[10.824s]       |               [01;35m[K^~~~~~~~~~~~~~~[m[K
[10.855s] [01m[K/root/ros2_ws/src/vissus_projekt/src/boid-control/boid_control_node.cpp:[m[K In member function â€˜[01m[Kvoid Boid_Controller_Node::Subscription_Formation_Callback(vissus_projekt::msg::Formation_<std::allocator<void> >::SharedPtr)[m[Kâ€™:
[10.855s] [01m[K/root/ros2_ws/src/vissus_projekt/src/boid-control/boid_control_node.cpp:522:5:[m[K [01;31m[Kerror: [m[Kâ€˜[01m[Kformation_points_[m[Kâ€™ was not declared in this scope
[10.856s]   522 |     [01;31m[Kformation_points_[m[K = points->formation_points;
[10.856s]       |     [01;31m[K^~~~~~~~~~~~~~~~~[m[K
[10.856s] [01m[K/root/ros2_ws/src/vissus_projekt/src/boid-control/boid_control_node.cpp:[m[K In member function â€˜[01m[KVector2 Boid_Controller_Node::Calculate_Vel_Centroid_Consensus(std::vector<nav_msgs::msg::Odometry_<std::allocator<void> >, std::allocator<nav_msgs::msg::Odometry_<std::allocator<void> > > >)[m[Kâ€™:
[10.856s] [01m[K/root/ros2_ws/src/vissus_projekt/src/boid-control/boid_control_node.cpp:580:23:[m[K [01;35m[Kwarning: [m[Kcomparison of integer expressions of different signedness: â€˜[01m[Kint[m[Kâ€™ and â€˜[01m[Kstd::vector<nav_msgs::msg::Odometry_<std::allocator<void> >, std::allocator<nav_msgs::msg::Odometry_<std::allocator<void> > > >::size_type[m[Kâ€™ {aka â€˜[01m[Klong unsigned int[m[Kâ€™} [[01;35m[K]8;;https://gcc.gnu.org/onlinedocs/gcc/Warning-Options.html#index-Wsign-compare-Wsign-compare]8;;[m[K]
[10.856s]   580 |     for (int i = 0; [01;35m[Ki < odoms.size()[m[K; i++) {
[10.857s]       |                     [01;35m[K~~^~~~~~~~~~~~~~[m[K
[10.860s] [01m[K/root/ros2_ws/src/vissus_projekt/src/boid-control/boid_control_node.cpp:[m[K In member function â€˜[01m[KVector2 Boid_Controller_Node::Calculate_Vel_Centroid_Consensus(std::vector<nav_msgs::msg::Odometry_<std::allocator<void> >, std::allocator<nav_msgs::msg::Odometry_<std::allocator<void> > > >, std::vector<Vector2>)[m[Kâ€™:
[10.861s] [01m[K/root/ros2_ws/src/vissus_projekt/src/boid-control/boid_control_node.cpp:601:23:[m[K [01;35m[Kwarning: [m[Kcomparison of integer expressions of different signedness: â€˜[01m[Kint[m[Kâ€™ and â€˜[01m[Kstd::vector<nav_msgs::msg::Odometry_<std::allocator<void> >, std::allocator<nav_msgs::msg::Odometry_<std::allocator<void> > > >::size_type[m[Kâ€™ {aka â€˜[01m[Klong unsigned int[m[Kâ€™} [[01;35m[K]8;;https://gcc.gnu.org/onlinedocs/gcc/Warning-Options.html#index-Wsign-compare-Wsign-compare]8;;[m[K]
[10.861s]   601 |     for (int i = 0; [01;35m[Ki < odoms.size()[m[K; i++) {
[10.861s]       |                     [01;35m[K~~^~~~~~~~~~~~~~[m[K
[10.863s] [01m[K/root/ros2_ws/src/vissus_projekt/src/boid-control/boid_control_node.cpp:[m[K In function â€˜[01m[KBool_mat Get_Adjancency_Matrix(std::string, int)[m[Kâ€™:
[10.863s] [01m[K/root/ros2_ws/src/vissus_projekt/src/boid-control/boid_control_node.cpp:628:30:[m[K [01;35m[Kwarning: [m[Kcomparison of integer expressions of different signedness: â€˜[01m[Ksize_t[m[Kâ€™ {aka â€˜[01m[Klong unsigned int[m[Kâ€™} and â€˜[01m[Kint[m[Kâ€™ [[01;35m[K]8;;https://gcc.gnu.org/onlinedocs/gcc/Warning-Options.html#index-Wsign-compare-Wsign-compare]8;;[m[K]
[10.863s]   628 |         for (size_t y = 0; [01;35m[Ky < num_boids[m[K; y++)
[10.863s]       |                            [01;35m[K~~^~~~~~~~~~~[m[K
[10.863s] [01m[K/root/ros2_ws/src/vissus_projekt/src/boid-control/boid_control_node.cpp:629:34:[m[K [01;35m[Kwarning: [m[Kcomparison of integer expressions of different signedness: â€˜[01m[Ksize_t[m[Kâ€™ {aka â€˜[01m[Klong unsigned int[m[Kâ€™} and â€˜[01m[Kint[m[Kâ€™ [[01;35m[K]8;;https://gcc.gnu.org/onlinedocs/gcc/Warning-Options.html#index-Wsign-compare-Wsign-compare]8;;[m[K]
[10.864s]   629 |             for (size_t x = 0; [01;35m[Kx < num_boids[m[K; x++)
[10.864s]       |                                [01;35m[K~~^~~~~~~~~~~[m[K
[14.594s] [ 96%] [32m[1mLinking CXX executable goal_pub[0m
[14.912s] [ 96%] Built target goal_pub
[17.785s] gmake[2]: *** [CMakeFiles/boid_control.dir/build.make:90: CMakeFiles/boid_control.dir/src/boid-control/boid_control_node.cpp.o] Error 1
[17.786s] gmake[1]: *** [CMakeFiles/Makefile2:598: CMakeFiles/boid_control.dir/all] Error 2
[17.786s] gmake[1]: *** Waiting for unfinished jobs....
[22.848s] [ 98%] [32m[1mLinking CXX executable data_splitter[0m
[23.587s] [ 98%] Built target data_splitter
[23.589s] gmake: *** [Makefile:146: all] Error 2
[23.592s] Invoked command in '/root/ros2_ws/src/vissus_projekt/build/vissus_projekt' returned '2': CMAKE_PREFIX_PATH=${CMAKE_PREFIX_PATH}:/root/ros2_ws/install/crazyflie_py:/opt/ros/humble /usr/bin/cmake --build /root/ros2_ws/src/vissus_projekt/build/vissus_projekt -- -j16 -l16
