[0.000000] (-) TimerEvent: {}
[0.000639] (vissus_projekt) JobQueued: {'identifier': 'vissus_projekt', 'dependencies': OrderedDict()}
[0.000720] (vissus_projekt) JobStarted: {'identifier': 'vissus_projekt'}
[0.013168] (vissus_projekt) JobProgress: {'identifier': 'vissus_projekt', 'progress': 'cmake'}
[0.014206] (vissus_projekt) JobProgress: {'identifier': 'vissus_projekt', 'progress': 'build'}
[0.015241] (vissus_projekt) Command: {'cmd': ['/usr/bin/cmake', '--build', '/root/ros2_ws/src/vissus_projekt/build/vissus_projekt', '--', '-j16', '-l16'], 'cwd': '/root/ros2_ws/src/vissus_projekt/build/vissus_projekt', 'env': OrderedDict([('DOCKER_BUILDKIT', '1'), ('LESSOPEN', '| /usr/bin/lesspipe %s'), ('TMUX', '/tmp/tmux-0/default,384721,2'), ('GIT_SSH_COMMAND', 'ssh -v'), ('HOSTNAME', '344eeae1eb99'), ('ENV_NAME', 'empty_borderless'), ('SHLVL', '2'), ('LD_LIBRARY_PATH', '/root/ros2_ws/install/vissus_projekt/lib:/root/ros2_ws/install/crazyflie_interfaces/lib:/root/ros2_ws/install/lib:/opt/ros/humble/opt/rviz_ogre_vendor/lib:/opt/ros/humble/lib/x86_64-linux-gnu:/opt/ros/humble/lib'), ('HOME', '/root'), ('OLDPWD', '/root/ros2_ws'), ('TERM_PROGRAM_VERSION', '3.2a'), ('ROS_PYTHON_VERSION', '3'), ('DEBUGINFOD_URLS', ''), ('COLCON_PREFIX_PATH', '/root/ros2_ws/install'), ('ROS_DISTRO', 'humble'), ('_', '/usr/bin/colcon'), ('ROS_VERSION', '2'), ('NVIDIA_DRIVER_CAPABILITIES', 'graphics,utility,compute'), ('TERM', 'screen-256color'), ('SPAWN_POSE_DOC', 'four_example.txt'), ('ROS_LOCALHOST_ONLY', '1'), ('QT_X11_NO_MITSHM', '1'), ('PATH', '/opt/ros/humble/bin:/root/.local/bin:/usr/local/sbin:/usr/local/bin:/usr/sbin:/usr/bin:/sbin:/bin'), ('DISPLAY', ':0'), ('LANG', 'C.UTF-8'), ('LS_COLORS', 'rs=0:di=01;34:ln=01;36:mh=00:pi=40;33:so=01;35:do=01;35:bd=40;33;01:cd=40;33;01:or=40;31;01:mi=00:su=37;41:sg=30;43:ca=30;41:tw=30;42:ow=34;42:st=37;44:ex=01;32:*.tar=01;31:*.tgz=01;31:*.arc=01;31:*.arj=01;31:*.taz=01;31:*.lha=01;31:*.lz4=01;31:*.lzh=01;31:*.lzma=01;31:*.tlz=01;31:*.txz=01;31:*.tzo=01;31:*.t7z=01;31:*.zip=01;31:*.z=01;31:*.dz=01;31:*.gz=01;31:*.lrz=01;31:*.lz=01;31:*.lzo=01;31:*.xz=01;31:*.zst=01;31:*.tzst=01;31:*.bz2=01;31:*.bz=01;31:*.tbz=01;31:*.tbz2=01;31:*.tz=01;31:*.deb=01;31:*.rpm=01;31:*.jar=01;31:*.war=01;31:*.ear=01;31:*.sar=01;31:*.rar=01;31:*.alz=01;31:*.ace=01;31:*.zoo=01;31:*.cpio=01;31:*.7z=01;31:*.rz=01;31:*.cab=01;31:*.wim=01;31:*.swm=01;31:*.dwm=01;31:*.esd=01;31:*.jpg=01;35:*.jpeg=01;35:*.mjpg=01;35:*.mjpeg=01;35:*.gif=01;35:*.bmp=01;35:*.pbm=01;35:*.pgm=01;35:*.ppm=01;35:*.tga=01;35:*.xbm=01;35:*.xpm=01;35:*.tif=01;35:*.tiff=01;35:*.png=01;35:*.svg=01;35:*.svgz=01;35:*.mng=01;35:*.pcx=01;35:*.mov=01;35:*.mpg=01;35:*.mpeg=01;35:*.m2v=01;35:*.mkv=01;35:*.webm=01;35:*.webp=01;35:*.ogm=01;35:*.mp4=01;35:*.m4v=01;35:*.mp4v=01;35:*.vob=01;35:*.qt=01;35:*.nuv=01;35:*.wmv=01;35:*.asf=01;35:*.rm=01;35:*.rmvb=01;35:*.flc=01;35:*.avi=01;35:*.fli=01;35:*.flv=01;35:*.gl=01;35:*.dl=01;35:*.xcf=01;35:*.xwd=01;35:*.yuv=01;35:*.cgm=01;35:*.emf=01;35:*.ogv=01;35:*.ogx=01;35:*.aac=00;36:*.au=00;36:*.flac=00;36:*.m4a=00;36:*.mid=00;36:*.midi=00;36:*.mka=00;36:*.mp3=00;36:*.mpc=00;36:*.ogg=00;36:*.ra=00;36:*.wav=00;36:*.oga=00;36:*.opus=00;36:*.spx=00;36:*.xspf=00;36:'), ('ROS2_DISTRO', 'humble'), ('TERM_PROGRAM', 'tmux'), ('ROS_DOMAIN_ID', '24'), ('AMENT_PREFIX_PATH', '/root/ros2_ws/install/vissus_projekt:/root/ros2_ws/install/mrs_crazyflies:/root/ros2_ws/install/crazyflie_sim:/root/ros2_ws/install/crazyflie_examples:/root/ros2_ws/install/crazyflie_py:/root/ros2_ws/install/crazyflie:/root/ros2_ws/install/crazyflie_interfaces:/root/ros2_ws/install:/opt/ros/humble'), ('SHELL', '/bin/bash'), ('NUM_ROBOTS', '4'), ('LESSCLOSE', '/usr/bin/lesspipe %s %s'), ('PWD', '/root/ros2_ws/src/vissus_projekt/build/vissus_projekt'), ('GZ_RELEASE', 'garden'), ('LC_AL', 'C.UTF-8'), ('PYTHONPATH', '/root/ros2_ws/install/vissus_projekt/local/lib/python3.10/dist-packages:/root/ros2_ws/install/mrs_crazyflies/local/lib/python3.10/dist-packages:/root/ros2_ws/install/crazyflie_sim/local/lib/python3.10/dist-packages:/root/ros2_ws/install/crazyflie_examples/local/lib/python3.10/dist-packages:/root/ros2_ws/install/crazyflie_py/lib/python3.10/site-packages:/root/ros2_ws/install/crazyflie_interfaces/local/lib/python3.10/dist-packages:/root/ros2_ws/build/crazyflie_py:/root/ros2_ws/install/lib/python3.10/site-packages:/root/ros2_ws/install/local/lib/python3.10/dist-packages:/opt/ros/humble/lib/python3.10/site-packages:/opt/ros/humble/local/lib/python3.10/dist-packages'), ('NVIDIA_VISIBLE_DEVICES', 'all'), ('TZ', 'Europe/Zagreb'), ('COLCON', '1'), ('TMUX_PANE', '%16'), ('CMAKE_PREFIX_PATH', '/root/ros2_ws/install/vissus_projekt:/root/ros2_ws/install/mrs_crazyflies:/root/ros2_ws/install/crazyflie_sim:/root/ros2_ws/install/crazyflie_examples:/root/ros2_ws/install/crazyflie:/root/ros2_ws/install/crazyflie_interfaces:/root/ros2_ws/install:/root/ros2_ws/install/crazyflie_py:/opt/ros/humble')]), 'shell': False}
[0.075871] (vissus_projekt) StdoutLine: {'line': b'-- Found ament_cmake: 1.3.12 (/opt/ros/humble/share/ament_cmake/cmake)\n'}
[0.099565] (-) TimerEvent: {}
[0.199890] (-) TimerEvent: {}
[0.261066] (vissus_projekt) StdoutLine: {'line': b'-- Override CMake install command with custom implementation using symlinks instead of copying resources\n'}
[0.273549] (vissus_projekt) StdoutLine: {'line': b'-- Found rclcpp: 16.0.16 (/opt/ros/humble/share/rclcpp/cmake)\n'}
[0.300009] (-) TimerEvent: {}
[0.320513] (vissus_projekt) StdoutLine: {'line': b'-- Found rosidl_generator_c: 3.1.7 (/opt/ros/humble/share/rosidl_generator_c/cmake)\n'}
[0.324067] (vissus_projekt) StdoutLine: {'line': b'-- Found rosidl_adapter: 3.1.7 (/opt/ros/humble/share/rosidl_adapter/cmake)\n'}
[0.332944] (vissus_projekt) StdoutLine: {'line': b'-- Found rosidl_generator_cpp: 3.1.7 (/opt/ros/humble/share/rosidl_generator_cpp/cmake)\n'}
[0.347550] (vissus_projekt) StdoutLine: {'line': b'-- Using all available rosidl_typesupport_c: rosidl_typesupport_fastrtps_c;rosidl_typesupport_introspection_c\n'}
[0.365330] (vissus_projekt) StdoutLine: {'line': b'-- Using all available rosidl_typesupport_cpp: rosidl_typesupport_fastrtps_cpp;rosidl_typesupport_introspection_cpp\n'}
[0.400120] (-) TimerEvent: {}
[0.409378] (vissus_projekt) StdoutLine: {'line': b'-- Found rmw_implementation_cmake: 6.1.2 (/opt/ros/humble/share/rmw_implementation_cmake/cmake)\n'}
[0.411413] (vissus_projekt) StdoutLine: {'line': b'-- Found rmw_fastrtps_cpp: 6.2.9 (/opt/ros/humble/share/rmw_fastrtps_cpp/cmake)\n'}
[0.500234] (-) TimerEvent: {}
[0.600576] (-) TimerEvent: {}
[0.631372] (vissus_projekt) StdoutLine: {'line': b"-- Using RMW implementation 'rmw_fastrtps_cpp' as default\n"}
[0.697931] (vissus_projekt) StdoutLine: {'line': b'-- Found rclpy: 3.3.19 (/opt/ros/humble/share/rclpy/cmake)\n'}
[0.698455] (vissus_projekt) StdoutLine: {'line': b'-- Found nav_msgs: 4.9.0 (/opt/ros/humble/share/nav_msgs/cmake)\n'}
[0.700655] (-) TimerEvent: {}
[0.738398] (vissus_projekt) StdoutLine: {'line': b'-- Found rosidl_default_generators: 1.2.0 (/opt/ros/humble/share/rosidl_default_generators/cmake)\n'}
[0.749730] (vissus_projekt) StdoutLine: {'line': b'-- Found message_filters: 4.3.11 (/opt/ros/humble/share/message_filters/cmake)\n'}
[0.753535] (vissus_projekt) StdoutLine: {'line': b'-- Found crazyflie_interfaces: 1.0.3 (/root/ros2_ws/install/crazyflie_interfaces/share/crazyflie_interfaces/cmake)\n'}
[0.776331] (vissus_projekt) StdoutLine: {'line': b'-- Found ament_lint_auto: 0.12.14 (/opt/ros/humble/share/ament_lint_auto/cmake)\n'}
[0.800766] (-) TimerEvent: {}
[0.901051] (-) TimerEvent: {}
[1.001386] (-) TimerEvent: {}
[1.101709] (-) TimerEvent: {}
[1.202025] (-) TimerEvent: {}
[1.230032] (vissus_projekt) StdoutLine: {'line': b'-- Found ament_cmake_ros: 0.10.0 (/opt/ros/humble/share/ament_cmake_ros/cmake)\n'}
[1.302141] (-) TimerEvent: {}
[1.402481] (-) TimerEvent: {}
[1.502824] (-) TimerEvent: {}
[1.603160] (-) TimerEvent: {}
[1.703472] (-) TimerEvent: {}
[1.803847] (-) TimerEvent: {}
[1.887954] (vissus_projekt) StdoutLine: {'line': b'-- Using all available rosidl_typesupport_c: rosidl_typesupport_fastrtps_c;rosidl_typesupport_introspection_c\n'}
[1.903938] (-) TimerEvent: {}
[2.004225] (-) TimerEvent: {}
[2.104560] (-) TimerEvent: {}
[2.146371] (vissus_projekt) StdoutLine: {'line': b'-- Using all available rosidl_typesupport_cpp: rosidl_typesupport_fastrtps_cpp;rosidl_typesupport_introspection_cpp\n'}
[2.181912] (vissus_projekt) StdoutLine: {'line': b'-- Found python_cmake_module: 0.10.0 (/opt/ros/humble/share/python_cmake_module/cmake)\n'}
[2.204659] (-) TimerEvent: {}
[2.216596] (vissus_projekt) StdoutLine: {'line': b'-- Using PYTHON_EXECUTABLE: /usr/bin/python3\n'}
[2.216886] (vissus_projekt) StdoutLine: {'line': b'-- Using PYTHON_INCLUDE_DIRS: /usr/include/python3.10\n'}
[2.217006] (vissus_projekt) StdoutLine: {'line': b'-- Using PYTHON_LIBRARIES: /usr/lib/x86_64-linux-gnu/libpython3.10.so\n'}
[2.290753] (vissus_projekt) StderrLine: {'line': b'\x1b[0mCMake Deprecation Warning at /opt/ros/humble/share/rosidl_cmake/cmake/rosidl_target_interfaces.cmake:32 (message):\n'}
[2.291013] (vissus_projekt) StderrLine: {'line': b'  Use rosidl_get_typesupport_target() and target_link_libraries() instead of\n'}
[2.291134] (vissus_projekt) StderrLine: {'line': b'  rosidl_target_interfaces()\n'}
[2.291240] (vissus_projekt) StderrLine: {'line': b'Call Stack (most recent call first):\n'}
[2.291347] (vissus_projekt) StderrLine: {'line': b'  CMakeLists.txt:64 (rosidl_target_interfaces)\n'}
[2.291450] (vissus_projekt) StderrLine: {'line': b'\n'}
[2.291575] (vissus_projekt) StderrLine: {'line': b'\x1b[0m\n'}
[2.294422] (vissus_projekt) StderrLine: {'line': b'\x1b[0mCMake Deprecation Warning at /opt/ros/humble/share/rosidl_cmake/cmake/rosidl_target_interfaces.cmake:32 (message):\n'}
[2.294606] (vissus_projekt) StderrLine: {'line': b'  Use rosidl_get_typesupport_target() and target_link_libraries() instead of\n'}
[2.294741] (vissus_projekt) StderrLine: {'line': b'  rosidl_target_interfaces()\n'}
[2.294836] (vissus_projekt) StderrLine: {'line': b'Call Stack (most recent call first):\n'}
[2.294926] (vissus_projekt) StderrLine: {'line': b'  CMakeLists.txt:71 (rosidl_target_interfaces)\n'}
[2.295025] (vissus_projekt) StderrLine: {'line': b'\n'}
[2.295125] (vissus_projekt) StderrLine: {'line': b'\x1b[0m\n'}
[2.297610] (vissus_projekt) StderrLine: {'line': b'\x1b[0mCMake Deprecation Warning at /opt/ros/humble/share/rosidl_cmake/cmake/rosidl_target_interfaces.cmake:32 (message):\n'}
[2.297787] (vissus_projekt) StderrLine: {'line': b'  Use rosidl_get_typesupport_target() and target_link_libraries() instead of\n'}
[2.297920] (vissus_projekt) StderrLine: {'line': b'  rosidl_target_interfaces()\n'}
[2.298041] (vissus_projekt) StderrLine: {'line': b'Call Stack (most recent call first):\n'}
[2.298156] (vissus_projekt) StderrLine: {'line': b'  CMakeLists.txt:77 (rosidl_target_interfaces)\n'}
[2.298283] (vissus_projekt) StderrLine: {'line': b'\n'}
[2.298415] (vissus_projekt) StderrLine: {'line': b'\x1b[0m\n'}
[2.304746] (-) TimerEvent: {}
[2.405001] (-) TimerEvent: {}
[2.429928] (vissus_projekt) StdoutLine: {'line': b"-- Added test 'cppcheck' to perform static code analysis on C / C++ code\n"}
[2.431442] (vissus_projekt) StdoutLine: {'line': b'-- Configured cppcheck include dirs: $<BUILD_INTERFACE:/root/ros2_ws/src/vissus_projekt/build/vissus_projekt/rosidl_generator_c>;$<BUILD_INTERFACE:/root/ros2_ws/src/vissus_projekt/build/vissus_projekt/rosidl_typesupport_fastrtps_c>;$<BUILD_INTERFACE:/root/ros2_ws/src/vissus_projekt/build/vissus_projekt/rosidl_generator_cpp>;$<BUILD_INTERFACE:/root/ros2_ws/src/vissus_projekt/build/vissus_projekt/rosidl_typesupport_fastrtps_cpp>;$<BUILD_INTERFACE:/root/ros2_ws/src/vissus_projekt/build/vissus_projekt/rosidl_typesupport_introspection_c>;$<BUILD_INTERFACE:/root/ros2_ws/src/vissus_projekt/build/vissus_projekt/rosidl_typesupport_introspection_cpp>;/root/ros2_ws/src/vissus_projekt/build/vissus_projekt/rosidl_generator_c;/root/ros2_ws/src/vissus_projekt/build/vissus_projekt/rosidl_generator_py;/root/ros2_ws/src/vissus_projekt/include/;$<BUILD_INTERFACE:/root/ros2_ws/src/vissus_projekt/include>\n'}
[2.431675] (vissus_projekt) StdoutLine: {'line': b'-- Configured cppcheck exclude dirs and/or files: \n'}
[2.448976] (vissus_projekt) StdoutLine: {'line': b"-- Added test 'flake8' to check Python code syntax and style conventions\n"}
[2.480881] (vissus_projekt) StdoutLine: {'line': b"-- Added test 'lint_cmake' to check CMake code style\n"}
[2.497728] (vissus_projekt) StdoutLine: {'line': b"-- Added test 'pep257' to check Python code against some of the docstring style conventions in PEP 257\n"}
[2.505103] (-) TimerEvent: {}
[2.605411] (-) TimerEvent: {}
[2.622508] (vissus_projekt) StdoutLine: {'line': b"-- Added test 'uncrustify' to check C / C++ code style\n"}
[2.622716] (vissus_projekt) StdoutLine: {'line': b'-- Configured uncrustify additional arguments: \n'}
[2.638609] (vissus_projekt) StdoutLine: {'line': b"-- Added test 'xmllint' to check XML markup files\n"}
[2.646900] (vissus_projekt) StdoutLine: {'line': b'-- Configuring done\n'}
[2.705536] (-) TimerEvent: {}
[2.742311] (vissus_projekt) StdoutLine: {'line': b'-- Generating done\n'}
[2.771689] (vissus_projekt) StdoutLine: {'line': b'-- Build files have been written to: /root/ros2_ws/src/vissus_projekt/build/vissus_projekt\n'}
[2.805659] (-) TimerEvent: {}
[2.815929] (vissus_projekt) StdoutLine: {'line': b'\x1b[35m\x1b[1mConsolidate compiler generated dependencies of target vissus_projekt__rosidl_generator_c\x1b[0m\n'}
[2.830827] (vissus_projekt) StdoutLine: {'line': b'[  1%] Built target vissus_projekt__cpp\n'}
[2.838293] (vissus_projekt) StdoutLine: {'line': b'[  3%] \x1b[32mBuilding C object CMakeFiles/vissus_projekt__rosidl_generator_c.dir/rosidl_generator_c/vissus_projekt/msg/detail/formation__functions.c.o\x1b[0m\n'}
[2.843578] (vissus_projekt) StdoutLine: {'line': b'[  3%] Built target ament_cmake_python_symlink_vissus_projekt\n'}
[2.850420] (vissus_projekt) StdoutLine: {'line': b'\x1b[35m\x1b[1mConsolidate compiler generated dependencies of target vissus_projekt__rosidl_typesupport_cpp\x1b[0m\n'}
[2.850893] (vissus_projekt) StdoutLine: {'line': b'\x1b[35m\x1b[1mConsolidate compiler generated dependencies of target vissus_projekt__rosidl_typesupport_introspection_cpp\x1b[0m\n'}
[2.851099] (vissus_projekt) StdoutLine: {'line': b'\x1b[35m\x1b[1mConsolidate compiler generated dependencies of target vissus_projekt__rosidl_typesupport_fastrtps_cpp\x1b[0m\n'}
[2.868085] (vissus_projekt) StderrLine: {'line': b'In file included from \x1b[01m\x1b[K/root/ros2_ws/src/vissus_projekt/build/vissus_projekt/rosidl_generator_c/vissus_projekt/msg/detail/formation__functions.h:19\x1b[m\x1b[K,\n'}
[2.868375] (vissus_projekt) StderrLine: {'line': b'                 from \x1b[01m\x1b[K/root/ros2_ws/src/vissus_projekt/build/vissus_projekt/rosidl_generator_c/vissus_projekt/msg/detail/formation__functions.c:4\x1b[m\x1b[K:\n'}
[2.868562] (vissus_projekt) StderrLine: {'line': b'\x1b[01m\x1b[K/root/ros2_ws/src/vissus_projekt/build/vissus_projekt/rosidl_generator_c/vissus_projekt/msg/detail/formation__struct.h:22:10:\x1b[m\x1b[K \x1b[01;31m\x1b[Kfatal error: \x1b[m\x1b[Kvissus_projekt/msg/detail/point__struct.h: No such file or directory\n'}
[2.868713] (vissus_projekt) StderrLine: {'line': b'   22 | #include \x1b[01;31m\x1b[K"vissus_projekt/msg/detail/point__struct.h"\x1b[m\x1b[K\n'}
[2.868858] (vissus_projekt) StderrLine: {'line': b'      |          \x1b[01;31m\x1b[K^~~~~~~~~~~~~~~~~~~~~~~~~~~~~~~~~~~~~~~~~~~\x1b[m\x1b[K\n'}
[2.869028] (vissus_projekt) StderrLine: {'line': b'compilation terminated.\n'}
[2.869812] (vissus_projekt) StderrLine: {'line': b'gmake[2]: *** [CMakeFiles/vissus_projekt__rosidl_generator_c.dir/build.make:239: CMakeFiles/vissus_projekt__rosidl_generator_c.dir/rosidl_generator_c/vissus_projekt/msg/detail/formation__functions.c.o] Error 1\n'}
[2.869999] (vissus_projekt) StderrLine: {'line': b'gmake[1]: *** [CMakeFiles/Makefile2:219: CMakeFiles/vissus_projekt__rosidl_generator_c.dir/all] Error 2\n'}
[2.870118] (vissus_projekt) StderrLine: {'line': b'gmake[1]: *** Waiting for unfinished jobs....\n'}
[2.878569] (vissus_projekt) StdoutLine: {'line': b'[  7%] \x1b[32mBuilding CXX object CMakeFiles/vissus_projekt__rosidl_typesupport_cpp.dir/rosidl_typesupport_cpp/vissus_projekt/msg/formation__type_support.cpp.o\x1b[0m\n'}
[2.878818] (vissus_projekt) StdoutLine: {'line': b'[  7%] \x1b[32mBuilding CXX object CMakeFiles/vissus_projekt__rosidl_typesupport_introspection_cpp.dir/rosidl_typesupport_introspection_cpp/vissus_projekt/msg/detail/formation__type_support.cpp.o\x1b[0m\n'}
[2.879035] (vissus_projekt) StdoutLine: {'line': b'[  8%] \x1b[32mBuilding CXX object CMakeFiles/vissus_projekt__rosidl_typesupport_fastrtps_cpp.dir/rosidl_typesupport_fastrtps_cpp/vissus_projekt/msg/detail/dds_fastrtps/formation__type_support.cpp.o\x1b[0m\n'}
[2.905774] (-) TimerEvent: {}
[2.997591] (vissus_projekt) StderrLine: {'line': b'In file included from \x1b[01m\x1b[K/root/ros2_ws/src/vissus_projekt/build/vissus_projekt/rosidl_typesupport_fastrtps_cpp/vissus_projekt/msg/detail/formation__rosidl_typesupport_fastrtps_cpp.hpp:11\x1b[m\x1b[K,\n'}
[2.997863] (vissus_projekt) StderrLine: {'line': b'                 from \x1b[01m\x1b[K/root/ros2_ws/src/vissus_projekt/build/vissus_projekt/rosidl_typesupport_fastrtps_cpp/vissus_projekt/msg/detail/dds_fastrtps/formation__type_support.cpp:4\x1b[m\x1b[K:\n'}
[2.998127] (vissus_projekt) StderrLine: {'line': b'\x1b[01m\x1b[K/root/ros2_ws/src/vissus_projekt/build/vissus_projekt/rosidl_generator_cpp/vissus_projekt/msg/detail/formation__struct.hpp:20:10:\x1b[m\x1b[K \x1b[01;31m\x1b[Kfatal error: \x1b[m\x1b[Kvissus_projekt/msg/detail/point__struct.hpp: No such file or directory\n'}
[2.998263] (vissus_projekt) StderrLine: {'line': b'   20 | #include \x1b[01;31m\x1b[K"vissus_projekt/msg/detail/point__struct.hpp"\x1b[m\x1b[K\n'}
[2.998374] (vissus_projekt) StderrLine: {'line': b'      |          \x1b[01;31m\x1b[K^~~~~~~~~~~~~~~~~~~~~~~~~~~~~~~~~~~~~~~~~~~~~\x1b[m\x1b[K\n'}
[2.998510] (vissus_projekt) StderrLine: {'line': b'compilation terminated.\n'}
[2.998635] (vissus_projekt) StderrLine: {'line': b'In file included from \x1b[01m\x1b[K/root/ros2_ws/src/vissus_projekt/build/vissus_projekt/rosidl_typesupport_cpp/vissus_projekt/msg/formation__type_support.cpp:7\x1b[m\x1b[K:\n'}
[2.998740] (vissus_projekt) StderrLine: {'line': b'\x1b[01m\x1b[K/root/ros2_ws/src/vissus_projekt/build/vissus_projekt/rosidl_generator_cpp/vissus_projekt/msg/detail/formation__struct.hpp:20:10:\x1b[m\x1b[K \x1b[01;31m\x1b[Kfatal error: \x1b[m\x1b[Kvissus_projekt/msg/detail/point__struct.hpp: No such file or directory\n'}
[2.998844] (vissus_projekt) StderrLine: {'line': b'   20 | #include \x1b[01;31m\x1b[K"vissus_projekt/msg/detail/point__struct.hpp"\x1b[m\x1b[K\n'}
[2.998944] (vissus_projekt) StderrLine: {'line': b'      |          \x1b[01;31m\x1b[K^~~~~~~~~~~~~~~~~~~~~~~~~~~~~~~~~~~~~~~~~~~~~\x1b[m\x1b[K\n'}
[2.999054] (vissus_projekt) StderrLine: {'line': b'compilation terminated.\n'}
[3.001655] (vissus_projekt) StderrLine: {'line': b'gmake[2]: *** [CMakeFiles/vissus_projekt__rosidl_typesupport_fastrtps_cpp.dir/build.make:207: CMakeFiles/vissus_projekt__rosidl_typesupport_fastrtps_cpp.dir/rosidl_typesupport_fastrtps_cpp/vissus_projekt/msg/detail/dds_fastrtps/formation__type_support.cpp.o] Error 1\n'}
[3.001833] (vissus_projekt) StderrLine: {'line': b'gmake[2]: *** [CMakeFiles/vissus_projekt__rosidl_typesupport_cpp.dir/build.make:196: CMakeFiles/vissus_projekt__rosidl_typesupport_cpp.dir/rosidl_typesupport_cpp/vissus_projekt/msg/formation__type_support.cpp.o] Error 1\n'}
[3.001962] (vissus_projekt) StderrLine: {'line': b'gmake[1]: *** [CMakeFiles/Makefile2:297: CMakeFiles/vissus_projekt__rosidl_typesupport_fastrtps_cpp.dir/all] Error 2\n'}
[3.002071] (vissus_projekt) StderrLine: {'line': b'gmake[1]: *** [CMakeFiles/Makefile2:401: CMakeFiles/vissus_projekt__rosidl_typesupport_cpp.dir/all] Error 2\n'}
[3.005873] (-) TimerEvent: {}
[3.007070] (vissus_projekt) StderrLine: {'line': b'In file included from \x1b[01m\x1b[K/root/ros2_ws/src/vissus_projekt/build/vissus_projekt/rosidl_typesupport_introspection_cpp/vissus_projekt/msg/detail/formation__type_support.cpp:12\x1b[m\x1b[K:\n'}
[3.007292] (vissus_projekt) StderrLine: {'line': b'\x1b[01m\x1b[K/root/ros2_ws/src/vissus_projekt/build/vissus_projekt/rosidl_generator_cpp/vissus_projekt/msg/detail/formation__struct.hpp:20:10:\x1b[m\x1b[K \x1b[01;31m\x1b[Kfatal error: \x1b[m\x1b[Kvissus_projekt/msg/detail/point__struct.hpp: No such file or directory\n'}
[3.007423] (vissus_projekt) StderrLine: {'line': b'   20 | #include \x1b[01;31m\x1b[K"vissus_projekt/msg/detail/point__struct.hpp"\x1b[m\x1b[K\n'}
[3.007548] (vissus_projekt) StderrLine: {'line': b'      |          \x1b[01;31m\x1b[K^~~~~~~~~~~~~~~~~~~~~~~~~~~~~~~~~~~~~~~~~~~~~\x1b[m\x1b[K\n'}
[3.007662] (vissus_projekt) StderrLine: {'line': b'compilation terminated.\n'}
[3.010362] (vissus_projekt) StderrLine: {'line': b'gmake[2]: *** [CMakeFiles/vissus_projekt__rosidl_typesupport_introspection_cpp.dir/build.make:207: CMakeFiles/vissus_projekt__rosidl_typesupport_introspection_cpp.dir/rosidl_typesupport_introspection_cpp/vissus_projekt/msg/detail/formation__type_support.cpp.o] Error 1\n'}
[3.010735] (vissus_projekt) StderrLine: {'line': b'gmake[1]: *** [CMakeFiles/Makefile2:375: CMakeFiles/vissus_projekt__rosidl_typesupport_introspection_cpp.dir/all] Error 2\n'}
[3.105998] (-) TimerEvent: {}
[3.206357] (-) TimerEvent: {}
[3.275039] (vissus_projekt) StdoutLine: {'line': b'running egg_info\n'}
[3.275924] (vissus_projekt) StdoutLine: {'line': b'writing vissus_projekt.egg-info/PKG-INFO\n'}
[3.276189] (vissus_projekt) StdoutLine: {'line': b'writing dependency_links to vissus_projekt.egg-info/dependency_links.txt\n'}
[3.276441] (vissus_projekt) StdoutLine: {'line': b'writing top-level names to vissus_projekt.egg-info/top_level.txt\n'}
[3.281331] (vissus_projekt) StdoutLine: {'line': b"reading manifest file 'vissus_projekt.egg-info/SOURCES.txt'\n"}
[3.282317] (vissus_projekt) StdoutLine: {'line': b"writing manifest file 'vissus_projekt.egg-info/SOURCES.txt'\n"}
[3.306481] (-) TimerEvent: {}
[3.320813] (vissus_projekt) StdoutLine: {'line': b'[  8%] Built target ament_cmake_python_build_vissus_projekt_egg\n'}
[3.322610] (vissus_projekt) StderrLine: {'line': b'gmake: *** [Makefile:146: all] Error 2\n'}
[3.325685] (vissus_projekt) CommandEnded: {'returncode': 2}
[3.338464] (vissus_projekt) JobEnded: {'identifier': 'vissus_projekt', 'rc': 2}
[3.349073] (-) EventReactorShutdown: {}
