[0mCMake Deprecation Warning at /opt/ros/humble/share/rosidl_cmake/cmake/rosidl_target_interfaces.cmake:32 (message):
  Use rosidl_get_typesupport_target() and target_link_libraries() instead of
  rosidl_target_interfaces()
Call Stack (most recent call first):
  CMakeLists.txt:64 (rosidl_target_interfaces)

[0m
[0mCMake Deprecation Warning at /opt/ros/humble/share/rosidl_cmake/cmake/rosidl_target_interfaces.cmake:32 (message):
  Use rosidl_get_typesupport_target() and target_link_libraries() instead of
  rosidl_target_interfaces()
Call Stack (most recent call first):
  CMakeLists.txt:71 (rosidl_target_interfaces)

[0m
[0mCMake Deprecation Warning at /opt/ros/humble/share/rosidl_cmake/cmake/rosidl_target_interfaces.cmake:32 (message):
  Use rosidl_get_typesupport_target() and target_link_libraries() instead of
  rosidl_target_interfaces()
Call Stack (most recent call first):
  CMakeLists.txt:77 (rosidl_target_interfaces)

[0m
In file included from [01m[K/root/ros2_ws/src/vissus_projekt/build/vissus_projekt/rosidl_generator_c/vissus_projekt/msg/detail/formation__functions.h:19[m[K,
                 from [01m[K/root/ros2_ws/src/vissus_projekt/build/vissus_projekt/rosidl_generator_c/vissus_projekt/msg/detail/formation__functions.c:4[m[K:
[01m[K/root/ros2_ws/src/vissus_projekt/build/vissus_projekt/rosidl_generator_c/vissus_projekt/msg/detail/formation__struct.h:22:10:[m[K [01;31m[Kfatal error: [m[Kvissus_projekt/msg/detail/point__struct.h: No such file or directory
   22 | #include [01;31m[K"vissus_projekt/msg/detail/point__struct.h"[m[K
      |          [01;31m[K^~~~~~~~~~~~~~~~~~~~~~~~~~~~~~~~~~~~~~~~~~~[m[K
compilation terminated.
gmake[2]: *** [CMakeFiles/vissus_projekt__rosidl_generator_c.dir/build.make:239: CMakeFiles/vissus_projekt__rosidl_generator_c.dir/rosidl_generator_c/vissus_projekt/msg/detail/formation__functions.c.o] Error 1
gmake[1]: *** [CMakeFiles/Makefile2:219: CMakeFiles/vissus_projekt__rosidl_generator_c.dir/all] Error 2
gmake[1]: *** Waiting for unfinished jobs....
In file included from [01m[K/root/ros2_ws/src/vissus_projekt/build/vissus_projekt/rosidl_typesupport_fastrtps_cpp/vissus_projekt/msg/detail/formation__rosidl_typesupport_fastrtps_cpp.hpp:11[m[K,
                 from [01m[K/root/ros2_ws/src/vissus_projekt/build/vissus_projekt/rosidl_typesupport_fastrtps_cpp/vissus_projekt/msg/detail/dds_fastrtps/formation__type_support.cpp:4[m[K:
[01m[K/root/ros2_ws/src/vissus_projekt/build/vissus_projekt/rosidl_generator_cpp/vissus_projekt/msg/detail/formation__struct.hpp:20:10:[m[K [01;31m[Kfatal error: [m[Kvissus_projekt/msg/detail/point__struct.hpp: No such file or directory
   20 | #include [01;31m[K"vissus_projekt/msg/detail/point__struct.hpp"[m[K
      |          [01;31m[K^~~~~~~~~~~~~~~~~~~~~~~~~~~~~~~~~~~~~~~~~~~~~[m[K
compilation terminated.
In file included from [01m[K/root/ros2_ws/src/vissus_projekt/build/vissus_projekt/rosidl_typesupport_cpp/vissus_projekt/msg/formation__type_support.cpp:7[m[K:
[01m[K/root/ros2_ws/src/vissus_projekt/build/vissus_projekt/rosidl_generator_cpp/vissus_projekt/msg/detail/formation__struct.hpp:20:10:[m[K [01;31m[Kfatal error: [m[Kvissus_projekt/msg/detail/point__struct.hpp: No such file or directory
   20 | #include [01;31m[K"vissus_projekt/msg/detail/point__struct.hpp"[m[K
      |          [01;31m[K^~~~~~~~~~~~~~~~~~~~~~~~~~~~~~~~~~~~~~~~~~~~~[m[K
compilation terminated.
gmake[2]: *** [CMakeFiles/vissus_projekt__rosidl_typesupport_fastrtps_cpp.dir/build.make:207: CMakeFiles/vissus_projekt__rosidl_typesupport_fastrtps_cpp.dir/rosidl_typesupport_fastrtps_cpp/vissus_projekt/msg/detail/dds_fastrtps/formation__type_support.cpp.o] Error 1
gmake[2]: *** [CMakeFiles/vissus_projekt__rosidl_typesupport_cpp.dir/build.make:196: CMakeFiles/vissus_projekt__rosidl_typesupport_cpp.dir/rosidl_typesupport_cpp/vissus_projekt/msg/formation__type_support.cpp.o] Error 1
gmake[1]: *** [CMakeFiles/Makefile2:297: CMakeFiles/vissus_projekt__rosidl_typesupport_fastrtps_cpp.dir/all] Error 2
gmake[1]: *** [CMakeFiles/Makefile2:401: CMakeFiles/vissus_projekt__rosidl_typesupport_cpp.dir/all] Error 2
In file included from [01m[K/root/ros2_ws/src/vissus_projekt/build/vissus_projekt/rosidl_typesupport_introspection_cpp/vissus_projekt/msg/detail/formation__type_support.cpp:12[m[K:
[01m[K/root/ros2_ws/src/vissus_projekt/build/vissus_projekt/rosidl_generator_cpp/vissus_projekt/msg/detail/formation__struct.hpp:20:10:[m[K [01;31m[Kfatal error: [m[Kvissus_projekt/msg/detail/point__struct.hpp: No such file or directory
   20 | #include [01;31m[K"vissus_projekt/msg/detail/point__struct.hpp"[m[K
      |          [01;31m[K^~~~~~~~~~~~~~~~~~~~~~~~~~~~~~~~~~~~~~~~~~~~~[m[K
compilation terminated.
gmake[2]: *** [CMakeFiles/vissus_projekt__rosidl_typesupport_introspection_cpp.dir/build.make:207: CMakeFiles/vissus_projekt__rosidl_typesupport_introspection_cpp.dir/rosidl_typesupport_introspection_cpp/vissus_projekt/msg/detail/formation__type_support.cpp.o] Error 1
gmake[1]: *** [CMakeFiles/Makefile2:375: CMakeFiles/vissus_projekt__rosidl_typesupport_introspection_cpp.dir/all] Error 2
gmake: *** [Makefile:146: all] Error 2
