[0.016s] Invoking command in '/root/ros2_ws/src/vissus_projekt/build/vissus_projekt': CMAKE_PREFIX_PATH=${CMAKE_PREFIX_PATH}:/root/ros2_ws/install/crazyflie_py:/opt/ros/humble /usr/bin/cmake --build /root/ros2_ws/src/vissus_projekt/build/vissus_projekt -- -j16 -l16
[0.117s] [  1%] Built target vissus_projekt__cpp
[0.120s] [ 10%] Built target vissus_projekt__rosidl_generator_c
[0.130s] [ 10%] Built target ament_cmake_python_symlink_vissus_projekt
[0.162s] [ 30%] Built target vissus_projekt__rosidl_typesupport_introspection_cpp
[0.162s] [ 30%] Built target vissus_projekt__rosidl_typesupport_cpp
[0.162s] [ 46%] Built target vissus_projekt__rosidl_typesupport_c
[0.163s] [ 46%] Built target vissus_projekt__rosidl_typesupport_fastrtps_cpp
[0.163s] [ 55%] Built target vissus_projekt__rosidl_typesupport_introspection_c
[0.165s] [ 64%] Built target vissus_projekt__rosidl_typesupport_fastrtps_c
[0.200s] [ 64%] Built target vissus_projekt
[0.240s] [ 66%] Built target vissus_projekt__py
[0.251s] [ 71%] Built target data_splitter
[0.252s] [ 76%] Built target goal_pub
[0.253s] [ 78%] [32mBuilding CXX object CMakeFiles/boid_control.dir/src/boid-control/boid_control_node.cpp.o[0m
[0.279s] [ 85%] Built target vissus_projekt__rosidl_generator_py
[0.319s] [ 96%] Built target vissus_projekt__rosidl_typesupport_fastrtps_c__pyext
[0.320s] [ 96%] Built target vissus_projekt__rosidl_typesupport_c__pyext
[0.320s] [ 96%] Built target vissus_projekt__rosidl_typesupport_introspection_c__pyext
[0.562s] running egg_info
[0.562s] writing vissus_projekt.egg-info/PKG-INFO
[0.563s] writing dependency_links to vissus_projekt.egg-info/dependency_links.txt
[0.563s] writing top-level names to vissus_projekt.egg-info/top_level.txt
[0.568s] reading manifest file 'vissus_projekt.egg-info/SOURCES.txt'
[0.569s] writing manifest file 'vissus_projekt.egg-info/SOURCES.txt'
[0.610s] [ 96%] Built target ament_cmake_python_build_vissus_projekt_egg
[3.860s] [01m[K/root/ros2_ws/src/vissus_projekt/src/boid-control/boid_control_node.cpp:122:36:[m[K [01;31m[Kerror: [m[Kextra qualification â€˜[01m[KBoid_Controller_Node::[m[Kâ€™ on member â€˜[01m[KGet_Adjancency_Matrix[m[Kâ€™ [[01;31m[K]8;;https://gcc.gnu.org/onlinedocs/gcc/Warning-Options.html#index-fpermissive-fpermissive]8;;[m[K]
[3.860s]   122 |     std::vector<std::vector<bool>> [01;31m[KBoid_Controller_Node[m[K::Get_Adjancency_Matrix(std::string filepath, int num_boids);
[3.860s]       |                                    [01;31m[K^~~~~~~~~~~~~~~~~~~~[m[K
[3.899s] [01m[K/root/ros2_ws/src/vissus_projekt/src/boid-control/boid_control_node.cpp:[m[K In constructor â€˜[01m[KBoid_Controller_Node::Boid_Controller_Node()[m[Kâ€™:
[3.900s] [01m[K/root/ros2_ws/src/vissus_projekt/src/boid-control/boid_control_node.cpp:59:17:[m[K [01;35m[Kwarning: [m[Kunused variable â€˜[01m[Knum_boids_[m[Kâ€™ [[01;35m[K]8;;https://gcc.gnu.org/onlinedocs/gcc/Warning-Options.html#index-Wunused-variable-Wunused-variable]8;;[m[K]
[3.900s]    59 |             int [01;35m[Knum_boids_[m[K = 4;
[3.900s]       |                 [01;35m[K^~~~~~~~~~[m[K
[3.909s] [01m[K/root/ros2_ws/src/vissus_projekt/src/boid-control/boid_control_node.cpp:[m[K In member function â€˜[01m[Kvoid Boid_Controller_Node::Subscription_Boid_Info_Callback(vissus_projekt::msg::OdometryArray_<std::allocator<void> >::SharedPtr)[m[Kâ€™:
[3.909s] [01m[K/root/ros2_ws/src/vissus_projekt/src/boid-control/boid_control_node.cpp:233:15:[m[K [01;35m[Kwarning: [m[Kunused variable â€˜[01m[Kdelta_linear_x[m[Kâ€™ [[01;35m[K]8;;https://gcc.gnu.org/onlinedocs/gcc/Warning-Options.html#index-Wunused-variable-Wunused-variable]8;;[m[K]
[3.909s]   233 |         float [01;35m[Kdelta_linear_x[m[K = sqrt(accel_total.x*accel_total.x + accel_total.y*accel_total.y);
[3.910s]       |               [01;35m[K^~~~~~~~~~~~~~[m[K
[3.910s] [01m[K/root/ros2_ws/src/vissus_projekt/src/boid-control/boid_control_node.cpp:240:15:[m[K [01;35m[Kwarning: [m[Kunused variable â€˜[01m[Krelative_angle[m[Kâ€™ [[01;35m[K]8;;https://gcc.gnu.org/onlinedocs/gcc/Warning-Options.html#index-Wunused-variable-Wunused-variable]8;;[m[K]
[3.910s]   240 |         float [01;35m[Krelative_angle[m[K = normalize_angle(atan2(accel_total.y, accel_total.x) - yaw);
[3.910s]       |               [01;35m[K^~~~~~~~~~~~~~[m[K
[3.910s] [01m[K/root/ros2_ws/src/vissus_projekt/src/boid-control/boid_control_node.cpp:241:15:[m[K [01;35m[Kwarning: [m[Kunused variable â€˜[01m[Kdelta_angular_z[m[Kâ€™ [[01;35m[K]8;;https://gcc.gnu.org/onlinedocs/gcc/Warning-Options.html#index-Wunused-variable-Wunused-variable]8;;[m[K]
[3.910s]   241 |         float [01;35m[Kdelta_angular_z[m[K = p_controller_update(
[3.910s]       |               [01;35m[K^~~~~~~~~~~~~~~[m[K
[3.922s] [01m[K/root/ros2_ws/src/vissus_projekt/src/boid-control/boid_control_node.cpp:[m[K In member function â€˜[01m[KVector2 Boid_Controller_Node::Calculate_Vel_Centroid_Consensus(std::vector<nav_msgs::msg::Odometry_<std::allocator<void> >, std::allocator<nav_msgs::msg::Odometry_<std::allocator<void> > > >)[m[Kâ€™:
[3.922s] [01m[K/root/ros2_ws/src/vissus_projekt/src/boid-control/boid_control_node.cpp:586:23:[m[K [01;35m[Kwarning: [m[Kcomparison of integer expressions of different signedness: â€˜[01m[Kint[m[Kâ€™ and â€˜[01m[Kstd::vector<nav_msgs::msg::Odometry_<std::allocator<void> >, std::allocator<nav_msgs::msg::Odometry_<std::allocator<void> > > >::size_type[m[Kâ€™ {aka â€˜[01m[Klong unsigned int[m[Kâ€™} [[01;35m[K]8;;https://gcc.gnu.org/onlinedocs/gcc/Warning-Options.html#index-Wsign-compare-Wsign-compare]8;;[m[K]
[3.922s]   586 |     for (int i = 0; [01;35m[Ki < odoms.size()[m[K; i++) {
[3.922s]       |                     [01;35m[K~~^~~~~~~~~~~~~~[m[K
[3.922s] [01m[K/root/ros2_ws/src/vissus_projekt/src/boid-control/boid_control_node.cpp:[m[K In member function â€˜[01m[KVector2 Boid_Controller_Node::Calculate_Vel_Centroid_Consensus(std::vector<nav_msgs::msg::Odometry_<std::allocator<void> >, std::allocator<nav_msgs::msg::Odometry_<std::allocator<void> > > >, std::vector<Vector2>)[m[Kâ€™:
[3.922s] [01m[K/root/ros2_ws/src/vissus_projekt/src/boid-control/boid_control_node.cpp:607:23:[m[K [01;35m[Kwarning: [m[Kcomparison of integer expressions of different signedness: â€˜[01m[Kint[m[Kâ€™ and â€˜[01m[Kstd::vector<nav_msgs::msg::Odometry_<std::allocator<void> >, std::allocator<nav_msgs::msg::Odometry_<std::allocator<void> > > >::size_type[m[Kâ€™ {aka â€˜[01m[Klong unsigned int[m[Kâ€™} [[01;35m[K]8;;https://gcc.gnu.org/onlinedocs/gcc/Warning-Options.html#index-Wsign-compare-Wsign-compare]8;;[m[K]
[3.923s]   607 |     for (int i = 0; [01;35m[Ki < odoms.size()[m[K; i++) {
[3.923s]       |                     [01;35m[K~~^~~~~~~~~~~~~~[m[K
[3.924s] [01m[K/root/ros2_ws/src/vissus_projekt/src/boid-control/boid_control_node.cpp:[m[K In member function â€˜[01m[KBool_mat Boid_Controller_Node::Get_Adjancency_Matrix(std::string, int)[m[Kâ€™:
[3.924s] [01m[K/root/ros2_ws/src/vissus_projekt/src/boid-control/boid_control_node.cpp:634:30:[m[K [01;35m[Kwarning: [m[Kcomparison of integer expressions of different signedness: â€˜[01m[Ksize_t[m[Kâ€™ {aka â€˜[01m[Klong unsigned int[m[Kâ€™} and â€˜[01m[Kint[m[Kâ€™ [[01;35m[K]8;;https://gcc.gnu.org/onlinedocs/gcc/Warning-Options.html#index-Wsign-compare-Wsign-compare]8;;[m[K]
[3.924s]   634 |         for (size_t y = 0; [01;35m[Ky < num_boids[m[K; y++)
[3.924s]       |                            [01;35m[K~~^~~~~~~~~~~[m[K
[3.925s] [01m[K/root/ros2_ws/src/vissus_projekt/src/boid-control/boid_control_node.cpp:635:34:[m[K [01;35m[Kwarning: [m[Kcomparison of integer expressions of different signedness: â€˜[01m[Ksize_t[m[Kâ€™ {aka â€˜[01m[Klong unsigned int[m[Kâ€™} and â€˜[01m[Kint[m[Kâ€™ [[01;35m[K]8;;https://gcc.gnu.org/onlinedocs/gcc/Warning-Options.html#index-Wsign-compare-Wsign-compare]8;;[m[K]
[3.925s]   635 |             for (size_t x = 0; [01;35m[Kx < num_boids[m[K; x++)
[3.925s]       |                                [01;35m[K~~^~~~~~~~~~~[m[K
[11.143s] gmake[2]: *** [CMakeFiles/boid_control.dir/build.make:90: CMakeFiles/boid_control.dir/src/boid-control/boid_control_node.cpp.o] Error 1
[11.143s] gmake[1]: *** [CMakeFiles/Makefile2:598: CMakeFiles/boid_control.dir/all] Error 2
[11.144s] gmake: *** [Makefile:146: all] Error 2
[11.147s] Invoked command in '/root/ros2_ws/src/vissus_projekt/build/vissus_projekt' returned '2': CMAKE_PREFIX_PATH=${CMAKE_PREFIX_PATH}:/root/ros2_ws/install/crazyflie_py:/opt/ros/humble /usr/bin/cmake --build /root/ros2_ws/src/vissus_projekt/build/vissus_projekt -- -j16 -l16
