[  5%] Built target vissus_projekt__cpp
[ 10%] Built target vissus_projekt__rosidl_generator_c
[ 10%] Built target ament_cmake_python_symlink_vissus_projekt
[ 26%] Built target vissus_projekt__rosidl_typesupport_c
[ 35%] Built target vissus_projekt__rosidl_typesupport_introspection_c
[ 37%] Built target vissus_projekt__rosidl_typesupport_cpp
[ 46%] Built target vissus_projekt__rosidl_typesupport_fastrtps_c
[ 55%] Built target vissus_projekt__rosidl_typesupport_fastrtps_cpp
[ 64%] Built target vissus_projekt__rosidl_typesupport_introspection_cpp
[ 64%] Built target vissus_projekt
[ 66%] Built target vissus_projekt__py
[ 69%] [32m[1mLinking CXX executable boid_control[0m
[ 73%] Built target goal_pub
[ 78%] Built target data_splitter
[ 85%] Built target vissus_projekt__rosidl_generator_py
[ 92%] Built target vissus_projekt__rosidl_typesupport_introspection_c__pyext
[ 92%] Built target vissus_projekt__rosidl_typesupport_fastrtps_c__pyext
[ 96%] Built target vissus_projekt__rosidl_typesupport_c__pyext
running egg_info
writing vissus_projekt.egg-info/PKG-INFO
writing dependency_links to vissus_projekt.egg-info/dependency_links.txt
writing top-level names to vissus_projekt.egg-info/top_level.txt
reading manifest file 'vissus_projekt.egg-info/SOURCES.txt'
writing manifest file 'vissus_projekt.egg-info/SOURCES.txt'
[ 96%] Built target ament_cmake_python_build_vissus_projekt_egg
/usr/bin/ld: CMakeFiles/boid_control.dir/src/boid-control/boid_control_node.cpp.o: in function `Boid_Controller_Node::Boid_Controller_Node()':
boid_control_node.cpp:(.text._ZN20Boid_Controller_NodeC2Ev[_ZN20Boid_Controller_NodeC5Ev]+0x305): undefined reference to `Boid_Controller_Node::Get_Adjancency_Matrix(std::__cxx11::basic_string<char, std::char_traits<char>, std::allocator<char> >, int)'
collect2: error: ld returned 1 exit status
gmake[2]: *** [CMakeFiles/boid_control.dir/build.make:201: boid_control] Error 1
gmake[1]: *** [CMakeFiles/Makefile2:598: CMakeFiles/boid_control.dir/all] Error 2
gmake: *** [Makefile:146: all] Error 2
