[0.017s] Invoking command in '/root/ros2_ws/src/vissus_projekt/build/vissus_projekt': CMAKE_PREFIX_PATH=${CMAKE_PREFIX_PATH}:/root/ros2_ws/install/crazyflie_py:/opt/ros/humble /usr/bin/cmake --build /root/ros2_ws/src/vissus_projekt/build/vissus_projekt -- -j16 -l16
[0.114s] [  5%] Built target vissus_projekt__cpp
[0.114s] [ 10%] Built target vissus_projekt__rosidl_generator_c
[0.126s] [ 10%] Built target ament_cmake_python_symlink_vissus_projekt
[0.157s] [ 26%] Built target vissus_projekt__rosidl_typesupport_c
[0.157s] [ 35%] Built target vissus_projekt__rosidl_typesupport_introspection_c
[0.157s] [ 37%] Built target vissus_projekt__rosidl_typesupport_cpp
[0.158s] [ 46%] Built target vissus_projekt__rosidl_typesupport_fastrtps_c
[0.158s] [ 55%] Built target vissus_projekt__rosidl_typesupport_fastrtps_cpp
[0.159s] [ 64%] Built target vissus_projekt__rosidl_typesupport_introspection_cpp
[0.195s] [ 64%] Built target vissus_projekt
[0.235s] [ 66%] Built target vissus_projekt__py
[0.246s] [ 69%] [32m[1mLinking CXX executable boid_control[0m
[0.247s] [ 73%] Built target goal_pub
[0.247s] [ 78%] Built target data_splitter
[0.278s] [ 85%] Built target vissus_projekt__rosidl_generator_py
[0.318s] [ 92%] Built target vissus_projekt__rosidl_typesupport_introspection_c__pyext
[0.318s] [ 92%] Built target vissus_projekt__rosidl_typesupport_fastrtps_c__pyext
[0.319s] [ 96%] Built target vissus_projekt__rosidl_typesupport_c__pyext
[0.559s] running egg_info
[0.560s] writing vissus_projekt.egg-info/PKG-INFO
[0.561s] writing dependency_links to vissus_projekt.egg-info/dependency_links.txt
[0.561s] writing top-level names to vissus_projekt.egg-info/top_level.txt
[0.567s] reading manifest file 'vissus_projekt.egg-info/SOURCES.txt'
[0.568s] writing manifest file 'vissus_projekt.egg-info/SOURCES.txt'
[0.613s] [ 96%] Built target ament_cmake_python_build_vissus_projekt_egg
[1.227s] /usr/bin/ld: CMakeFiles/boid_control.dir/src/boid-control/boid_control_node.cpp.o: in function `Boid_Controller_Node::Boid_Controller_Node()':
[1.227s] boid_control_node.cpp:(.text._ZN20Boid_Controller_NodeC2Ev[_ZN20Boid_Controller_NodeC5Ev]+0x305): undefined reference to `Boid_Controller_Node::Get_Adjancency_Matrix(std::__cxx11::basic_string<char, std::char_traits<char>, std::allocator<char> >, int)'
[1.372s] collect2: error: ld returned 1 exit status
[1.375s] gmake[2]: *** [CMakeFiles/boid_control.dir/build.make:201: boid_control] Error 1
[1.375s] gmake[1]: *** [CMakeFiles/Makefile2:598: CMakeFiles/boid_control.dir/all] Error 2
[1.375s] gmake: *** [Makefile:146: all] Error 2
[1.379s] Invoked command in '/root/ros2_ws/src/vissus_projekt/build/vissus_projekt' returned '2': CMAKE_PREFIX_PATH=${CMAKE_PREFIX_PATH}:/root/ros2_ws/install/crazyflie_py:/opt/ros/humble /usr/bin/cmake --build /root/ros2_ws/src/vissus_projekt/build/vissus_projekt -- -j16 -l16
